0 verbose cli /usr/local/bin/node /usr/local/bin/npm
1 info using npm@10.9.2
2 info using node@v22.17.1
3 silly config load:file:/usr/local/lib/node_modules/npm/npmrc
4 silly config load:file:/Users/mohammad/Projects/alfaruq-new-gm/.npmrc
5 silly config load:file:/Users/mohammad/.npmrc
6 silly config load:file:/usr/local/etc/npmrc
7 verbose title npm install next@latest
8 verbose argv "install" "next@latest" "--save"
9 verbose logfile logs-max:10 dir:/Users/mohammad/Projects/alfaruq-new-gm/.npm-cache/_logs/2025-12-06T05_36_10_803Z-
10 verbose logfile /Users/mohammad/Projects/alfaruq-new-gm/.npm-cache/_logs/2025-12-06T05_36_10_803Z-debug-0.log
11 silly logfile start cleaning logs, removing 1 files
12 silly packumentCache heap:4345298944 maxSize:1086324736 maxEntrySize:543162368
13 silly logfile done cleaning log files
14 silly packumentCache corgi:https://registry.npmjs.org/next cache-miss
15 verbose shrinkwrap failed to load node_modules/.package-lock.json out of date, updated: node_modules
16 http fetch GET 200 https://registry.npmjs.org/npm 240ms
17 http fetch GET 200 https://registry.npmjs.org/next 572ms (cache updated)
18 silly packumentCache corgi:https://registry.npmjs.org/next set size:undefined disposed:false
19 silly idealTree buildDeps
20 silly fetch manifest next@16.0.7
21 silly packumentCache full:https://registry.npmjs.org/next cache-miss
22 http fetch GET 200 https://registry.npmjs.org/next 614ms (cache miss)
23 silly packumentCache full:https://registry.npmjs.org/next set size:undefined disposed:false
24 silly fetch manifest @opentelemetry/api@^1.1.0
25 silly packumentCache full:https://registry.npmjs.org/@opentelemetry%2fapi cache-miss
26 http fetch GET 200 https://registry.npmjs.org/@opentelemetry%2fapi 61ms (cache miss)
27 silly packumentCache full:https://registry.npmjs.org/@opentelemetry%2fapi set size:undefined disposed:false
28 silly fetch manifest @playwright/test@^1.55.0
29 silly packumentCache full:https://registry.npmjs.org/@playwright%2ftest cache-miss
30 http fetch GET 200 https://registry.npmjs.org/@playwright%2ftest 258ms (cache updated)
31 silly packumentCache full:https://registry.npmjs.org/@playwright%2ftest set size:undefined disposed:false
32 silly fetch manifest babel-plugin-react-compiler@*
33 silly packumentCache full:https://registry.npmjs.org/babel-plugin-react-compiler cache-miss
34 http fetch GET 200 https://registry.npmjs.org/babel-plugin-react-compiler 65ms (cache miss)
35 silly packumentCache full:https://registry.npmjs.org/babel-plugin-react-compiler set size:undefined disposed:false
36 silly fetch manifest react@^19.1.1
37 silly packumentCache full:https://registry.npmjs.org/react cache-miss
38 http fetch GET 200 https://registry.npmjs.org/react 149ms (cache miss)
39 silly packumentCache full:https://registry.npmjs.org/react set size:undefined disposed:false
40 silly fetch manifest react-dom@^19.1.1
41 silly packumentCache full:https://registry.npmjs.org/react-dom cache-miss
42 http fetch GET 200 https://registry.npmjs.org/react-dom 142ms (cache miss)
43 silly packumentCache full:https://registry.npmjs.org/react-dom set size:undefined disposed:false
44 silly fetch manifest sass@^1.3.0
45 silly packumentCache full:https://registry.npmjs.org/sass cache-miss
46 http fetch GET 200 https://registry.npmjs.org/sass 56ms (cache miss)
47 silly packumentCache full:https://registry.npmjs.org/sass set size:undefined disposed:false
48 silly placeDep ROOT next@16.0.7 REPLACE for: alfaruq-new-gm@0.1.0 want: 16.0.7
49 silly fetch manifest @next/env@16.0.7
50 silly packumentCache full:https://registry.npmjs.org/@next%2fenv cache-miss
51 silly fetch manifest sharp@^0.34.4
52 silly packumentCache full:https://registry.npmjs.org/sharp cache-miss
53 silly fetch manifest @next/swc-darwin-x64@16.0.7
54 silly packumentCache full:https://registry.npmjs.org/@next%2fswc-darwin-x64 cache-miss
55 silly fetch manifest @next/swc-darwin-arm64@16.0.7
56 silly packumentCache full:https://registry.npmjs.org/@next%2fswc-darwin-arm64 cache-miss
57 silly fetch manifest @next/swc-linux-x64-gnu@16.0.7
58 silly packumentCache full:https://registry.npmjs.org/@next%2fswc-linux-x64-gnu cache-miss
59 silly fetch manifest @next/swc-linux-x64-musl@16.0.7
60 silly packumentCache full:https://registry.npmjs.org/@next%2fswc-linux-x64-musl cache-miss
61 silly fetch manifest @next/swc-win32-x64-msvc@16.0.7
62 silly packumentCache full:https://registry.npmjs.org/@next%2fswc-win32-x64-msvc cache-miss
63 silly fetch manifest @next/swc-linux-arm64-gnu@16.0.7
64 silly packumentCache full:https://registry.npmjs.org/@next%2fswc-linux-arm64-gnu cache-miss
65 silly fetch manifest @next/swc-linux-arm64-musl@16.0.7
66 silly packumentCache full:https://registry.npmjs.org/@next%2fswc-linux-arm64-musl cache-miss
67 http fetch GET 200 https://registry.npmjs.org/sharp 54ms (cache miss)
68 silly packumentCache full:https://registry.npmjs.org/sharp set size:undefined disposed:false
69 silly fetch manifest @next/swc-win32-arm64-msvc@16.0.7
70 silly packumentCache full:https://registry.npmjs.org/@next%2fswc-win32-arm64-msvc cache-miss
71 http fetch GET 200 https://registry.npmjs.org/@next%2fenv 181ms (cache miss)
72 silly packumentCache full:https://registry.npmjs.org/@next%2fenv set size:undefined disposed:false
73 http fetch GET 200 https://registry.npmjs.org/@next%2fswc-win32-arm64-msvc 161ms (cache miss)
74 silly packumentCache full:https://registry.npmjs.org/@next%2fswc-win32-arm64-msvc set size:undefined disposed:false
75 http fetch GET 200 https://registry.npmjs.org/@next%2fswc-linux-arm64-musl 243ms (cache miss)
76 silly packumentCache full:https://registry.npmjs.org/@next%2fswc-linux-arm64-musl set size:undefined disposed:false
77 http fetch GET 200 https://registry.npmjs.org/@next%2fswc-linux-x64-gnu 264ms (cache miss)
78 silly packumentCache full:https://registry.npmjs.org/@next%2fswc-linux-x64-gnu set size:undefined disposed:false
79 http fetch GET 200 https://registry.npmjs.org/@next%2fswc-win32-x64-msvc 291ms (cache miss)
80 silly packumentCache full:https://registry.npmjs.org/@next%2fswc-win32-x64-msvc set size:undefined disposed:false
81 http fetch GET 200 https://registry.npmjs.org/@next%2fswc-linux-arm64-gnu 300ms (cache miss)
82 silly packumentCache full:https://registry.npmjs.org/@next%2fswc-linux-arm64-gnu set size:undefined disposed:false
83 http fetch GET 200 https://registry.npmjs.org/@next%2fswc-linux-x64-musl 313ms (cache miss)
84 silly packumentCache full:https://registry.npmjs.org/@next%2fswc-linux-x64-musl set size:undefined disposed:false
85 http fetch GET 200 https://registry.npmjs.org/@next%2fswc-darwin-x64 322ms (cache miss)
86 silly packumentCache full:https://registry.npmjs.org/@next%2fswc-darwin-x64 set size:undefined disposed:false
87 http fetch GET 200 https://registry.npmjs.org/@next%2fswc-darwin-arm64 335ms (cache miss)
88 silly packumentCache full:https://registry.npmjs.org/@next%2fswc-darwin-arm64 set size:undefined disposed:false
89 silly placeDep ROOT @next/env@16.0.7 OK for: next@16.0.7 want: 16.0.7
90 silly placeDep ROOT @next/swc-darwin-arm64@16.0.7 OK for: next@16.0.7 want: 16.0.7
91 silly placeDep ROOT @next/swc-darwin-x64@16.0.7 OK for: next@16.0.7 want: 16.0.7
92 silly placeDep ROOT @next/swc-linux-arm64-gnu@16.0.7 OK for: next@16.0.7 want: 16.0.7
93 silly placeDep ROOT @next/swc-linux-arm64-musl@16.0.7 OK for: next@16.0.7 want: 16.0.7
94 silly placeDep ROOT @next/swc-linux-x64-gnu@16.0.7 OK for: next@16.0.7 want: 16.0.7
95 silly placeDep ROOT @next/swc-linux-x64-musl@16.0.7 OK for: next@16.0.7 want: 16.0.7
96 silly placeDep ROOT @next/swc-win32-arm64-msvc@16.0.7 OK for: next@16.0.7 want: 16.0.7
97 silly placeDep ROOT @next/swc-win32-x64-msvc@16.0.7 OK for: next@16.0.7 want: 16.0.7
98 silly placeDep ROOT sharp@0.34.5 OK for: next@16.0.7 want: ^0.34.4
99 silly fetch manifest @img/colour@^1.0.0
100 silly packumentCache full:https://registry.npmjs.org/@img%2fcolour cache-miss
101 silly fetch manifest detect-libc@^2.1.2
102 silly packumentCache full:https://registry.npmjs.org/detect-libc cache-miss
103 silly fetch manifest semver@^7.7.3
104 silly packumentCache full:https://registry.npmjs.org/semver cache-miss
105 silly fetch manifest @img/sharp-darwin-arm64@0.34.5
106 silly packumentCache full:https://registry.npmjs.org/@img%2fsharp-darwin-arm64 cache-miss
107 silly fetch manifest @img/sharp-darwin-x64@0.34.5
108 silly packumentCache full:https://registry.npmjs.org/@img%2fsharp-darwin-x64 cache-miss
109 silly fetch manifest @img/sharp-libvips-darwin-arm64@1.2.4
110 silly packumentCache full:https://registry.npmjs.org/@img%2fsharp-libvips-darwin-arm64 cache-miss
111 silly fetch manifest @img/sharp-libvips-darwin-x64@1.2.4
112 silly packumentCache full:https://registry.npmjs.org/@img%2fsharp-libvips-darwin-x64 cache-miss
113 silly fetch manifest @img/sharp-libvips-linux-arm@1.2.4
114 silly packumentCache full:https://registry.npmjs.org/@img%2fsharp-libvips-linux-arm cache-miss
115 silly fetch manifest @img/sharp-libvips-linux-arm64@1.2.4
116 silly packumentCache full:https://registry.npmjs.org/@img%2fsharp-libvips-linux-arm64 cache-miss
117 http fetch GET 200 https://registry.npmjs.org/semver 38ms (cache miss)
118 silly packumentCache full:https://registry.npmjs.org/semver set size:undefined disposed:false
119 silly fetch manifest @img/sharp-libvips-linux-ppc64@1.2.4
120 silly packumentCache full:https://registry.npmjs.org/@img%2fsharp-libvips-linux-ppc64 cache-miss
121 http fetch GET 200 https://registry.npmjs.org/@img%2fsharp-libvips-darwin-arm64 45ms (cache miss)
122 silly fetch manifest @img/sharp-libvips-linux-riscv64@1.2.4
123 silly packumentCache full:https://registry.npmjs.org/@img%2fsharp-libvips-linux-riscv64 cache-miss
124 http fetch GET 200 https://registry.npmjs.org/@img%2fsharp-darwin-arm64 57ms (cache miss)
125 silly fetch manifest @img/sharp-libvips-linux-s390x@1.2.4
126 silly packumentCache full:https://registry.npmjs.org/@img%2fsharp-libvips-linux-s390x cache-miss
127 http fetch GET 200 https://registry.npmjs.org/@img%2fsharp-libvips-linux-arm64 59ms (cache miss)
128 silly fetch manifest @img/sharp-libvips-linux-x64@1.2.4
129 silly packumentCache full:https://registry.npmjs.org/@img%2fsharp-libvips-linux-x64 cache-miss
130 http fetch GET 200 https://registry.npmjs.org/@img%2fsharp-libvips-darwin-x64 67ms (cache miss)
131 silly fetch manifest @img/sharp-libvips-linuxmusl-arm64@1.2.4
132 silly packumentCache full:https://registry.npmjs.org/@img%2fsharp-libvips-linuxmusl-arm64 cache-miss
133 http fetch GET 200 https://registry.npmjs.org/@img%2fsharp-darwin-x64 68ms (cache miss)
134 silly fetch manifest @img/sharp-libvips-linuxmusl-x64@1.2.4
135 silly packumentCache full:https://registry.npmjs.org/@img%2fsharp-libvips-linuxmusl-x64 cache-miss
136 http fetch GET 200 https://registry.npmjs.org/@img%2fsharp-libvips-linux-arm 72ms (cache miss)
137 silly fetch manifest @img/sharp-linux-arm@0.34.5
138 silly packumentCache full:https://registry.npmjs.org/@img%2fsharp-linux-arm cache-miss
139 http fetch GET 200 https://registry.npmjs.org/detect-libc 118ms (cache miss)
140 silly packumentCache full:https://registry.npmjs.org/detect-libc set size:undefined disposed:false
141 silly fetch manifest @img/sharp-linux-arm64@0.34.5
142 silly packumentCache full:https://registry.npmjs.org/@img%2fsharp-linux-arm64 cache-miss
143 http fetch GET 200 https://registry.npmjs.org/@img%2fsharp-libvips-linuxmusl-arm64 51ms (cache miss)
144 silly packumentCache full:https://registry.npmjs.org/@img%2fsharp-libvips-linuxmusl-arm64 set size:undefined disposed:false
145 silly fetch manifest @img/sharp-linux-ppc64@0.34.5
146 silly packumentCache full:https://registry.npmjs.org/@img%2fsharp-linux-ppc64 cache-miss
147 http fetch GET 200 https://registry.npmjs.org/@img%2fsharp-linux-arm 56ms (cache miss)
148 silly fetch manifest @img/sharp-linux-riscv64@0.34.5
149 silly packumentCache full:https://registry.npmjs.org/@img%2fsharp-linux-riscv64 cache-miss
150 http fetch GET 200 https://registry.npmjs.org/@img%2fsharp-libvips-linux-x64 70ms (cache miss)
151 silly fetch manifest @img/sharp-linux-s390x@0.34.5
152 silly packumentCache full:https://registry.npmjs.org/@img%2fsharp-linux-s390x cache-miss
153 http fetch GET 200 https://registry.npmjs.org/@img%2fsharp-libvips-linuxmusl-x64 80ms (cache miss)
154 silly packumentCache full:https://registry.npmjs.org/@img%2fsharp-libvips-linuxmusl-x64 set size:undefined disposed:false
155 silly fetch manifest @img/sharp-linux-x64@0.34.5
156 silly packumentCache full:https://registry.npmjs.org/@img%2fsharp-linux-x64 cache-miss
157 http fetch GET 200 https://registry.npmjs.org/@img%2fcolour 164ms (cache miss)
158 silly packumentCache full:https://registry.npmjs.org/@img%2fcolour set size:undefined disposed:false
159 silly fetch manifest @img/sharp-linuxmusl-arm64@0.34.5
160 silly packumentCache full:https://registry.npmjs.org/@img%2fsharp-linuxmusl-arm64 cache-miss
161 http fetch GET 200 https://registry.npmjs.org/@img%2fsharp-linux-arm64 56ms (cache miss)
162 silly fetch manifest @img/sharp-linuxmusl-x64@0.34.5
163 silly packumentCache full:https://registry.npmjs.org/@img%2fsharp-linuxmusl-x64 cache-miss
164 http fetch GET 200 https://registry.npmjs.org/@img%2fsharp-linux-x64 65ms (cache miss)
165 silly fetch manifest @img/sharp-wasm32@0.34.5
166 silly packumentCache full:https://registry.npmjs.org/@img%2fsharp-wasm32 cache-miss
167 http fetch GET 200 https://registry.npmjs.org/@img%2fsharp-linuxmusl-arm64 57ms (cache miss)
168 silly fetch manifest @img/sharp-win32-arm64@0.34.5
169 silly packumentCache full:https://registry.npmjs.org/@img%2fsharp-win32-arm64 cache-miss
170 http fetch GET 200 https://registry.npmjs.org/@img%2fsharp-linuxmusl-x64 50ms (cache miss)
171 silly packumentCache full:https://registry.npmjs.org/@img%2fsharp-linuxmusl-x64 set size:undefined disposed:false
172 silly fetch manifest @img/sharp-win32-ia32@0.34.5
173 silly packumentCache full:https://registry.npmjs.org/@img%2fsharp-win32-ia32 cache-miss
174 http fetch GET 200 https://registry.npmjs.org/@img%2fsharp-libvips-linux-s390x 217ms (cache miss)
175 silly packumentCache full:https://registry.npmjs.org/@img%2fsharp-libvips-linux-s390x set size:undefined disposed:false
176 silly fetch manifest @img/sharp-win32-x64@0.34.5
177 silly packumentCache full:https://registry.npmjs.org/@img%2fsharp-win32-x64 cache-miss
178 http fetch GET 200 https://registry.npmjs.org/@img%2fsharp-libvips-linux-riscv64 233ms (cache miss)
179 silly packumentCache full:https://registry.npmjs.org/@img%2fsharp-libvips-linux-riscv64 set size:undefined disposed:false
180 http fetch GET 200 https://registry.npmjs.org/@img%2fsharp-libvips-linux-ppc64 255ms (cache miss)
181 silly packumentCache full:https://registry.npmjs.org/@img%2fsharp-libvips-linux-ppc64 set size:undefined disposed:false
182 http fetch GET 200 https://registry.npmjs.org/@img%2fsharp-linux-riscv64 170ms (cache miss)
183 silly packumentCache full:https://registry.npmjs.org/@img%2fsharp-linux-riscv64 set size:undefined disposed:false
184 http fetch GET 200 https://registry.npmjs.org/@img%2fsharp-linux-s390x 187ms (cache miss)
185 silly packumentCache full:https://registry.npmjs.org/@img%2fsharp-linux-s390x set size:undefined disposed:false
186 http fetch GET 200 https://registry.npmjs.org/@img%2fsharp-win32-x64 56ms (cache miss)
187 http fetch GET 200 https://registry.npmjs.org/@img%2fsharp-wasm32 210ms (cache miss)
188 http fetch GET 200 https://registry.npmjs.org/@img%2fsharp-linux-ppc64 311ms (cache miss)
189 silly packumentCache full:https://registry.npmjs.org/@img%2fsharp-linux-ppc64 set size:undefined disposed:false
190 http fetch GET 200 https://registry.npmjs.org/@img%2fsharp-win32-ia32 207ms (cache miss)
191 silly packumentCache full:https://registry.npmjs.org/@img%2fsharp-win32-ia32 set size:undefined disposed:false
192 http fetch GET 200 https://registry.npmjs.org/@img%2fsharp-win32-arm64 257ms (cache miss)
193 silly packumentCache full:https://registry.npmjs.org/@img%2fsharp-win32-arm64 set size:undefined disposed:false
194 silly fetch manifest @img/sharp-darwin-arm64@0.34.5
195 silly packumentCache full:https://registry.npmjs.org/@img%2fsharp-darwin-arm64 cache-miss
196 http fetch GET 200 https://registry.npmjs.org/@img%2fsharp-darwin-arm64 51ms (cache miss)
197 silly fetch manifest @img/sharp-darwin-x64@0.34.5
198 silly packumentCache full:https://registry.npmjs.org/@img%2fsharp-darwin-x64 cache-miss
199 http fetch GET 200 https://registry.npmjs.org/@img%2fsharp-darwin-x64 64ms (cache miss)
200 silly fetch manifest @img/sharp-libvips-darwin-arm64@1.2.4
201 silly packumentCache full:https://registry.npmjs.org/@img%2fsharp-libvips-darwin-arm64 cache-miss
202 http fetch GET 200 https://registry.npmjs.org/@img%2fsharp-libvips-darwin-arm64 56ms (cache miss)
203 silly fetch manifest @img/sharp-libvips-darwin-x64@1.2.4
204 silly packumentCache full:https://registry.npmjs.org/@img%2fsharp-libvips-darwin-x64 cache-miss
205 http fetch GET 200 https://registry.npmjs.org/@img%2fsharp-libvips-darwin-x64 58ms (cache miss)
206 silly fetch manifest @img/sharp-libvips-linux-arm@1.2.4
207 silly packumentCache full:https://registry.npmjs.org/@img%2fsharp-libvips-linux-arm cache-miss
208 http fetch GET 200 https://registry.npmjs.org/@img%2fsharp-libvips-linux-arm 65ms (cache miss)
209 silly fetch manifest @img/sharp-libvips-linux-arm64@1.2.4
210 silly packumentCache full:https://registry.npmjs.org/@img%2fsharp-libvips-linux-arm64 cache-miss
211 http fetch GET 200 https://registry.npmjs.org/@img%2fsharp-libvips-linux-arm64 62ms (cache miss)
212 silly fetch manifest @img/sharp-libvips-linux-x64@1.2.4
213 silly packumentCache full:https://registry.npmjs.org/@img%2fsharp-libvips-linux-x64 cache-miss
214 http fetch GET 200 https://registry.npmjs.org/@img%2fsharp-libvips-linux-x64 58ms (cache miss)
215 silly fetch manifest @img/sharp-linux-arm@0.34.5
216 silly packumentCache full:https://registry.npmjs.org/@img%2fsharp-linux-arm cache-miss
217 http fetch GET 200 https://registry.npmjs.org/@img%2fsharp-linux-arm 64ms (cache miss)
218 silly fetch manifest @img/sharp-linux-arm64@0.34.5
219 silly packumentCache full:https://registry.npmjs.org/@img%2fsharp-linux-arm64 cache-miss
220 http fetch GET 200 https://registry.npmjs.org/@img%2fsharp-linux-arm64 59ms (cache miss)
221 silly fetch manifest @img/sharp-linux-x64@0.34.5
222 silly packumentCache full:https://registry.npmjs.org/@img%2fsharp-linux-x64 cache-miss
223 http fetch GET 200 https://registry.npmjs.org/@img%2fsharp-linux-x64 56ms (cache miss)
224 silly fetch manifest @img/sharp-linuxmusl-arm64@0.34.5
225 silly packumentCache full:https://registry.npmjs.org/@img%2fsharp-linuxmusl-arm64 cache-miss
226 http fetch GET 200 https://registry.npmjs.org/@img%2fsharp-linuxmusl-arm64 48ms (cache miss)
227 silly fetch manifest @img/sharp-wasm32@0.34.5
228 silly packumentCache full:https://registry.npmjs.org/@img%2fsharp-wasm32 cache-miss
229 http fetch GET 200 https://registry.npmjs.org/@img%2fsharp-wasm32 67ms (cache miss)
230 silly fetch manifest @img/sharp-win32-x64@0.34.5
231 silly packumentCache full:https://registry.npmjs.org/@img%2fsharp-win32-x64 cache-miss
232 http fetch GET 200 https://registry.npmjs.org/@img%2fsharp-win32-x64 72ms (cache miss)
233 silly placeDep ROOT @img/colour@1.0.0 OK for: sharp@0.34.5 want: ^1.0.0
234 silly placeDep node_modules/sharp @img/sharp-darwin-arm64@ OK for: sharp@0.34.5 want: 0.34.5
235 silly placeDep node_modules/sharp @img/sharp-darwin-x64@ OK for: sharp@0.34.5 want: 0.34.5
236 silly placeDep node_modules/sharp @img/sharp-libvips-darwin-arm64@ OK for: sharp@0.34.5 want: 1.2.4
237 silly placeDep node_modules/sharp @img/sharp-libvips-darwin-x64@ OK for: sharp@0.34.5 want: 1.2.4
238 silly placeDep node_modules/sharp @img/sharp-libvips-linux-arm@ OK for: sharp@0.34.5 want: 1.2.4
239 silly placeDep node_modules/sharp @img/sharp-libvips-linux-arm64@ OK for: sharp@0.34.5 want: 1.2.4
240 silly placeDep ROOT @img/sharp-libvips-linux-ppc64@1.2.4 OK for: sharp@0.34.5 want: 1.2.4
241 silly placeDep ROOT @img/sharp-libvips-linux-riscv64@1.2.4 OK for: sharp@0.34.5 want: 1.2.4
242 silly placeDep ROOT @img/sharp-libvips-linux-s390x@1.2.4 OK for: sharp@0.34.5 want: 1.2.4
243 silly placeDep node_modules/sharp @img/sharp-libvips-linux-x64@ OK for: sharp@0.34.5 want: 1.2.4
244 silly placeDep ROOT @img/sharp-libvips-linuxmusl-arm64@1.2.4 OK for: sharp@0.34.5 want: 1.2.4
245 silly placeDep ROOT @img/sharp-libvips-linuxmusl-x64@1.2.4 OK for: sharp@0.34.5 want: 1.2.4
246 silly placeDep node_modules/sharp @img/sharp-linux-arm@ OK for: sharp@0.34.5 want: 0.34.5
247 silly placeDep node_modules/sharp @img/sharp-linux-arm64@ OK for: sharp@0.34.5 want: 0.34.5
248 silly placeDep ROOT @img/sharp-linux-ppc64@0.34.5 OK for: sharp@0.34.5 want: 0.34.5
249 silly placeDep ROOT @img/sharp-linux-riscv64@0.34.5 OK for: sharp@0.34.5 want: 0.34.5
250 silly placeDep ROOT @img/sharp-linux-s390x@0.34.5 OK for: sharp@0.34.5 want: 0.34.5
251 silly placeDep node_modules/sharp @img/sharp-linux-x64@ OK for: sharp@0.34.5 want: 0.34.5
252 silly placeDep node_modules/sharp @img/sharp-linuxmusl-arm64@ OK for: sharp@0.34.5 want: 0.34.5
253 silly placeDep ROOT @img/sharp-linuxmusl-x64@0.34.5 OK for: sharp@0.34.5 want: 0.34.5
254 silly placeDep node_modules/sharp @img/sharp-wasm32@ OK for: sharp@0.34.5 want: 0.34.5
255 silly placeDep ROOT @img/sharp-win32-arm64@0.34.5 OK for: sharp@0.34.5 want: 0.34.5
256 silly placeDep ROOT @img/sharp-win32-ia32@0.34.5 OK for: sharp@0.34.5 want: 0.34.5
257 silly placeDep node_modules/sharp @img/sharp-win32-x64@ OK for: sharp@0.34.5 want: 0.34.5
258 silly placeDep ROOT detect-libc@2.1.2 OK for: sharp@0.34.5 want: ^2.1.2
259 silly placeDep ROOT semver@7.7.3 REPLACE for: sharp@0.34.5 want: ^7.7.3
260 silly reify mark retired [ '/Users/mohammad/Projects/alfaruq-new-gm/node_modules/color' ]
261 silly reify mark retired [ '/Users/mohammad/Projects/alfaruq-new-gm/node_modules/color-string' ]
262 silly reify mark retired [ '/Users/mohammad/Projects/alfaruq-new-gm/node_modules/detect-libc' ]
263 silly reify mark retired [ '/Users/mohammad/Projects/alfaruq-new-gm/node_modules/is-arrayish' ]
264 silly reify mark retired [
264 silly reify   '/Users/mohammad/Projects/alfaruq-new-gm/node_modules/next',
264 silly reify   '/Users/mohammad/Projects/alfaruq-new-gm/node_modules/.bin/next'
264 silly reify ]
265 silly reify mark retired [
265 silly reify   '/Users/mohammad/Projects/alfaruq-new-gm/node_modules/semver',
265 silly reify   '/Users/mohammad/Projects/alfaruq-new-gm/node_modules/.bin/semver'
265 silly reify ]
266 silly reify mark retired [ '/Users/mohammad/Projects/alfaruq-new-gm/node_modules/sharp' ]
267 silly reify mark retired [
267 silly reify   '/Users/mohammad/Projects/alfaruq-new-gm/node_modules/simple-swizzle'
267 silly reify ]
268 silly reify mark retired [
268 silly reify   '/Users/mohammad/Projects/alfaruq-new-gm/node_modules/@img/sharp-darwin-arm64'
268 silly reify ]
269 silly reify mark retired [ '/Users/mohammad/Projects/alfaruq-new-gm/node_modules/@next/env' ]
270 silly reify mark retired [
270 silly reify   '/Users/mohammad/Projects/alfaruq-new-gm/node_modules/@img/sharp-libvips-darwin-arm64'
270 silly reify ]
271 silly reify mark retired [
271 silly reify   '/Users/mohammad/Projects/alfaruq-new-gm/node_modules/@next/swc-darwin-arm64'
271 silly reify ]
272 silly reify moves {
272 silly reify   '/Users/mohammad/Projects/alfaruq-new-gm/node_modules/color': '/Users/mohammad/Projects/alfaruq-new-gm/node_modules/.color-hdv4GEAK',
272 silly reify   '/Users/mohammad/Projects/alfaruq-new-gm/node_modules/color-string': '/Users/mohammad/Projects/alfaruq-new-gm/node_modules/.color-string-D59zl0AO',
272 silly reify   '/Users/mohammad/Projects/alfaruq-new-gm/node_modules/detect-libc': '/Users/mohammad/Projects/alfaruq-new-gm/node_modules/.detect-libc-T8LjftFl',
272 silly reify   '/Users/mohammad/Projects/alfaruq-new-gm/node_modules/is-arrayish': '/Users/mohammad/Projects/alfaruq-new-gm/node_modules/.is-arrayish-oqa9JrXh',
272 silly reify   '/Users/mohammad/Projects/alfaruq-new-gm/node_modules/next': '/Users/mohammad/Projects/alfaruq-new-gm/node_modules/.next-VPZyIgyL',
272 silly reify   '/Users/mohammad/Projects/alfaruq-new-gm/node_modules/.bin/next': '/Users/mohammad/Projects/alfaruq-new-gm/node_modules/.bin/.next-esAwf5OS',
272 silly reify   '/Users/mohammad/Projects/alfaruq-new-gm/node_modules/semver': '/Users/mohammad/Projects/alfaruq-new-gm/node_modules/.semver-LyK6mzF6',
272 silly reify   '/Users/mohammad/Projects/alfaruq-new-gm/node_modules/.bin/semver': '/Users/mohammad/Projects/alfaruq-new-gm/node_modules/.bin/.semver-JPb6caqC',
272 silly reify   '/Users/mohammad/Projects/alfaruq-new-gm/node_modules/sharp': '/Users/mohammad/Projects/alfaruq-new-gm/node_modules/.sharp-WIhlqotc',
272 silly reify   '/Users/mohammad/Projects/alfaruq-new-gm/node_modules/simple-swizzle': '/Users/mohammad/Projects/alfaruq-new-gm/node_modules/.simple-swizzle-2mW67GDe',
272 silly reify   '/Users/mohammad/Projects/alfaruq-new-gm/node_modules/@img/sharp-darwin-arm64': '/Users/mohammad/Projects/alfaruq-new-gm/node_modules/@img/.sharp-darwin-arm64-hYYAvGvG',
272 silly reify   '/Users/mohammad/Projects/alfaruq-new-gm/node_modules/@next/env': '/Users/mohammad/Projects/alfaruq-new-gm/node_modules/@next/.env-2YdCS3QF',
272 silly reify   '/Users/mohammad/Projects/alfaruq-new-gm/node_modules/@img/sharp-libvips-darwin-arm64': '/Users/mohammad/Projects/alfaruq-new-gm/node_modules/@img/.sharp-libvips-darwin-arm64-IkZ4OrR6',
272 silly reify   '/Users/mohammad/Projects/alfaruq-new-gm/node_modules/@next/swc-darwin-arm64': '/Users/mohammad/Projects/alfaruq-new-gm/node_modules/@next/.swc-darwin-arm64-4CoRe7kC'
272 silly reify }
273 silly audit bulk request {
273 silly audit   '@alloc/quick-lru': [ '5.2.0' ],
273 silly audit   '@babel/code-frame': [ '7.27.1' ],
273 silly audit   '@babel/helper-validator-identifier': [ '7.27.1' ],
273 silly audit   '@eslint-community/eslint-utils': [ '4.4.1' ],
273 silly audit   'eslint-visitor-keys': [ '3.4.3', '4.2.0' ],
273 silly audit   '@eslint-community/regexpp': [ '4.12.1' ],
273 silly audit   '@eslint/config-array': [ '0.19.2' ],
273 silly audit   '@eslint/core': [ '0.11.0', '0.10.0' ],
273 silly audit   '@eslint/eslintrc': [ '3.2.0' ],
273 silly audit   '@eslint/js': [ '9.20.0' ],
273 silly audit   '@eslint/object-schema': [ '2.1.6' ],
273 silly audit   '@eslint/plugin-kit': [ '0.2.5' ],
273 silly audit   '@humanfs/core': [ '0.19.1' ],
273 silly audit   '@humanfs/node': [ '0.16.6' ],
273 silly audit   '@humanwhocodes/retry': [ '0.3.1', '0.4.1' ],
273 silly audit   '@humanwhocodes/module-importer': [ '1.0.1' ],
273 silly audit   '@isaacs/cliui': [ '8.0.2' ],
273 silly audit   '@jridgewell/gen-mapping': [ '0.3.8' ],
273 silly audit   '@jridgewell/resolve-uri': [ '3.1.2' ],
273 silly audit   '@jridgewell/set-array': [ '1.2.1' ],
273 silly audit   '@jridgewell/sourcemap-codec': [ '1.5.0' ],
273 silly audit   '@jridgewell/trace-mapping': [ '0.3.25' ],
273 silly audit   '@next/eslint-plugin-next': [ '15.4.4' ],
273 silly audit   '@nodelib/fs.scandir': [ '2.1.5' ],
273 silly audit   '@nodelib/fs.stat': [ '2.0.5' ],
273 silly audit   '@nodelib/fs.walk': [ '1.2.8' ],
273 silly audit   '@nolyfill/is-core-module': [ '1.0.39' ],
273 silly audit   '@pkgjs/parseargs': [ '0.11.0' ],
273 silly audit   '@playwright/test': [ '1.55.0' ],
273 silly audit   '@prisma/client': [ '6.13.0' ],
273 silly audit   '@prisma/config': [ '6.13.0' ],
273 silly audit   '@prisma/debug': [ '6.13.0' ],
273 silly audit   '@prisma/engines': [ '6.13.0' ],
273 silly audit   '@prisma/engines-version': [ '6.13.0-35.361e86d0ea4987e9f53a565309b3eed797a6bcbd' ],
273 silly audit   '@prisma/fetch-engine': [ '6.13.0' ],
273 silly audit   '@prisma/get-platform': [ '6.13.0' ],
273 silly audit   '@rtsao/scc': [ '1.1.0' ],
273 silly audit   '@rushstack/eslint-patch': [ '1.10.5' ],
273 silly audit   '@standard-schema/spec': [ '1.0.0' ],
273 silly audit   '@swc/helpers': [ '0.5.15' ],
273 silly audit   '@types/estree': [ '1.0.6' ],
273 silly audit   '@types/json-schema': [ '7.0.15' ],
273 silly audit   '@types/json5': [ '0.0.29' ],
273 silly audit   '@types/node': [ '20.17.19' ],
273 silly audit   '@types/normalize-package-data': [ '2.4.4' ],
273 silly audit   '@types/react': [ '19.0.8' ],
273 silly audit   '@types/react-dom': [ '19.0.3' ],
273 silly audit   '@typescript-eslint/eslint-plugin': [ '8.24.0' ],
273 silly audit   '@typescript-eslint/parser': [ '8.24.0' ],
273 silly audit   '@typescript-eslint/scope-manager': [ '8.24.0' ],
273 silly audit   '@typescript-eslint/type-utils': [ '8.24.0' ],
273 silly audit   '@typescript-eslint/types': [ '8.24.0' ],
273 silly audit   '@typescript-eslint/typescript-estree': [ '8.24.0' ],
273 silly audit   'brace-expansion': [ '2.0.1', '1.1.11' ],
273 silly audit   'fast-glob': [ '3.3.3', '3.3.1' ],
273 silly audit   'glob-parent': [ '5.1.2', '6.0.2' ],
273 silly audit   minimatch: [ '9.0.5', '3.1.2' ],
273 silly audit   '@typescript-eslint/utils': [ '8.24.0' ],
273 silly audit   '@typescript-eslint/visitor-keys': [ '8.24.0' ],
273 silly audit   acorn: [ '8.14.0' ],
273 silly audit   'acorn-jsx': [ '5.3.2' ],
273 silly audit   ajv: [ '6.12.6' ],
273 silly audit   'ansi-regex': [ '6.1.0', '5.0.1' ],
273 silly audit   'ansi-styles': [ '4.3.0', '6.2.1' ],
273 silly audit   'any-promise': [ '1.3.0' ],
273 silly audit   anymatch: [ '3.1.3' ],
273 silly audit   arg: [ '5.0.2' ],
273 silly audit   argparse: [ '2.0.1' ],
273 silly audit   'aria-query': [ '5.3.2' ],
273 silly audit   'array-buffer-byte-length': [ '1.0.2' ],
273 silly audit   'array-includes': [ '3.1.8' ],
273 silly audit   'array.prototype.findlast': [ '1.2.5' ],
273 silly audit   'array.prototype.findlastindex': [ '1.2.5' ],
273 silly audit   'array.prototype.flat': [ '1.3.3' ],
273 silly audit   'array.prototype.flatmap': [ '1.3.3' ],
273 silly audit   'array.prototype.tosorted': [ '1.1.4' ],
273 silly audit   'arraybuffer.prototype.slice': [ '1.0.4' ],
273 silly audit   'ast-types-flow': [ '0.0.8' ],
273 silly audit   'async-function': [ '1.0.0' ],
273 silly audit   'available-typed-arrays': [ '1.0.7' ],
273 silly audit   'axe-core': [ '4.10.2' ],
273 silly audit   'axobject-query': [ '4.1.0' ],
273 silly audit   'balanced-match': [ '1.0.2' ],
273 silly audit   bcryptjs: [ '3.0.2' ],
273 silly audit   'binary-extensions': [ '2.3.0' ],
273 silly audit   braces: [ '3.0.3' ],
273 silly audit   c12: [ '3.1.0' ],
273 silly audit   chokidar: [ '4.0.3', '3.6.0' ],
273 silly audit   jiti: [ '2.5.1', '1.21.7' ],
273 silly audit   readdirp: [ '4.1.2', '3.6.0' ],
273 silly audit   'call-bind': [ '1.0.8' ],
273 silly audit   'call-bind-apply-helpers': [ '1.0.2' ],
273 silly audit   'call-bound': [ '1.0.3' ],
273 silly audit   callsites: [ '3.1.0' ],
273 silly audit   'camelcase-css': [ '2.0.1' ],
273 silly audit   'caniuse-lite': [ '1.0.30001699' ],
273 silly audit   chalk: [ '4.1.2' ],
273 silly audit   citty: [ '0.1.6' ],
273 silly audit   'client-only': [ '0.0.1' ],
273 silly audit   cloudinary: [ '2.7.0' ],
273 silly audit   'color-convert': [ '2.0.1' ],
273 silly audit   'color-name': [ '1.1.4' ],
273 silly audit   commander: [ '4.1.1' ],
273 silly audit   'concat-map': [ '0.0.1' ],
273 silly audit   confbox: [ '0.2.2' ],
273 silly audit   consola: [ '3.4.2' ],
273 silly audit   'cross-spawn': [ '7.0.6' ],
273 silly audit   cssesc: [ '3.0.0' ],
273 silly audit   csstype: [ '3.1.3' ],
273 silly audit   'damerau-levenshtein': [ '1.0.8' ],
273 silly audit   'data-view-buffer': [ '1.0.2' ],
273 silly audit   'data-view-byte-length': [ '1.0.2' ],
273 silly audit   'data-view-byte-offset': [ '1.0.1' ],
273 silly audit   debug: [ '4.4.0', '3.2.7' ],
273 silly audit   'deep-is': [ '0.1.4' ],
273 silly audit   'deepmerge-ts': [ '7.1.5' ],
273 silly audit   'define-data-property': [ '1.1.4' ],
273 silly audit   'define-properties': [ '1.2.1' ],
273 silly audit   defu: [ '6.1.4' ],
273 silly audit   destr: [ '2.0.5' ],
273 silly audit   didyoumean: [ '1.2.2' ],
273 silly audit   dlv: [ '1.1.3' ],
273 silly audit   doctrine: [ '2.1.0' ],
273 silly audit   dotenv: [ '16.6.1' ],
273 silly audit   'dunder-proto': [ '1.0.1' ],
273 silly audit   eastasianwidth: [ '0.2.0' ],
273 silly audit   effect: [ '3.16.12' ],
273 silly audit   'emoji-regex': [ '9.2.2', '8.0.0' ],
273 silly audit   'enhanced-resolve': [ '5.18.1' ],
273 silly audit   'es-abstract': [ '1.23.9' ],
273 silly audit   'es-define-property': [ '1.0.1' ],
273 silly audit   'es-errors': [ '1.3.0' ],
273 silly audit   'es-iterator-helpers': [ '1.2.1' ],
273 silly audit   'es-object-atoms': [ '1.1.1' ],
273 silly audit   'es-set-tostringtag': [ '2.1.0' ],
273 silly audit   'es-shim-unscopables': [ '1.1.0' ],
273 silly audit   'es-to-primitive': [ '1.3.0' ],
273 silly audit   'escape-string-regexp': [ '4.0.0' ],
273 silly audit   eslint: [ '9.20.1' ],
273 silly audit   'eslint-config-next': [ '15.4.4' ],
273 silly audit   'eslint-import-resolver-node': [ '0.3.9' ],
273 silly audit   'eslint-import-resolver-typescript': [ '3.8.0' ],
273 silly audit   'eslint-module-utils': [ '2.12.0' ],
273 silly audit   'eslint-plugin-import': [ '2.31.0' ],
273 silly audit   semver: [ '6.3.1', '7.7.3' ],
273 silly audit   'eslint-plugin-jsx-a11y': [ '6.10.2' ],
273 silly audit   'eslint-plugin-react': [ '7.37.4' ],
273 silly audit   'eslint-plugin-react-hooks': [ '5.1.0' ],
273 silly audit   resolve: [ '2.0.0-next.5', '1.22.10' ],
273 silly audit   'eslint-scope': [ '8.2.0' ],
273 silly audit   espree: [ '10.3.0' ],
273 silly audit   esquery: [ '1.6.0' ],
273 silly audit   esrecurse: [ '4.3.0' ],
273 silly audit   estraverse: [ '5.3.0' ],
273 silly audit   esutils: [ '2.0.3' ],
273 silly audit   exsolve: [ '1.0.7' ],
273 silly audit   'fast-check': [ '3.23.2' ],
273 silly audit   'fast-deep-equal': [ '3.1.3' ],
273 silly audit   'fast-json-stable-stringify': [ '2.1.0' ],
273 silly audit   'fast-levenshtein': [ '2.0.6' ],
273 silly audit   fastq: [ '1.19.0' ],
273 silly audit   'file-entry-cache': [ '8.0.0' ],
273 silly audit   'fill-range': [ '7.1.1' ],
273 silly audit   'find-up': [ '5.0.0' ],
273 silly audit   'find-up-simple': [ '1.0.1' ],
273 silly audit   'flat-cache': [ '4.0.1' ],
273 silly audit   flatted: [ '3.3.2' ],
273 silly audit   'for-each': [ '0.3.5' ],
273 silly audit   'foreground-child': [ '3.3.0' ],
273 silly audit   'framer-motion': [ '12.5.0' ],
273 silly audit   fsevents: [ '2.3.3', '2.3.2' ],
273 silly audit   'function-bind': [ '1.1.2' ],
273 silly audit   'function.prototype.name': [ '1.1.8' ],
273 silly audit   'functions-have-names': [ '1.2.3' ],
273 silly audit   'get-intrinsic': [ '1.2.7' ],
273 silly audit   'get-proto': [ '1.0.1' ],
273 silly audit   'get-symbol-description': [ '1.1.0' ],
273 silly audit   'get-tsconfig': [ '4.10.0' ],
273 silly audit   giget: [ '2.0.0' ],
273 silly audit   glob: [ '10.4.5' ],
273 silly audit   globals: [ '14.0.0' ],
273 silly audit   globalthis: [ '1.0.4' ],
273 silly audit   gopd: [ '1.2.0' ],
273 silly audit   'graceful-fs': [ '4.2.11' ],
273 silly audit   graphemer: [ '1.4.0' ],
273 silly audit   'has-bigints': [ '1.1.0' ],
273 silly audit   'has-flag': [ '4.0.0' ],
273 silly audit   'has-property-descriptors': [ '1.0.2' ],
273 silly audit   'has-proto': [ '1.2.0' ],
273 silly audit   'has-symbols': [ '1.1.0' ],
273 silly audit   'has-tostringtag': [ '1.0.2' ],
273 silly audit   hasown: [ '2.0.2' ],
273 silly audit   'hijri-date': [ '0.2.2' ],
273 silly audit   'hosted-git-info': [ '7.0.2' ],
273 silly audit   ignore: [ '5.3.2' ],
273 silly audit   'import-fresh': [ '3.3.1' ],
273 silly audit   imurmurhash: [ '0.1.4' ],
273 silly audit   'index-to-position': [ '1.1.0' ],
273 silly audit   'internal-slot': [ '1.1.0' ],
273 silly audit   'is-array-buffer': [ '3.0.5' ],
273 silly audit   'is-async-function': [ '2.1.1' ],
273 silly audit   'is-bigint': [ '1.1.0' ],
273 silly audit   'is-binary-path': [ '2.1.0' ],
273 silly audit   'is-boolean-object': [ '1.2.2' ],
273 silly audit   'is-bun-module': [ '1.3.0' ],
273 silly audit   'is-callable': [ '1.2.7' ],
273 silly audit   'is-core-module': [ '2.16.1' ],
273 silly audit   'is-data-view': [ '1.0.2' ],
273 silly audit   'is-date-object': [ '1.1.0' ],
273 silly audit   'is-extglob': [ '2.1.1' ],
273 silly audit   'is-finalizationregistry': [ '1.1.1' ],
273 silly audit   'is-fullwidth-code-point': [ '3.0.0' ],
273 silly audit   'is-generator-function': [ '1.1.0' ],
273 silly audit   'is-glob': [ '4.0.3' ],
273 silly audit   'is-map': [ '2.0.3' ],
273 silly audit   'is-number': [ '7.0.0' ],
273 silly audit   'is-number-object': [ '1.1.1' ],
273 silly audit   'is-regex': [ '1.2.1' ],
273 silly audit   'is-set': [ '2.0.3' ],
273 silly audit   'is-shared-array-buffer': [ '1.0.4' ],
273 silly audit   'is-string': [ '1.1.1' ],
273 silly audit   'is-symbol': [ '1.1.1' ],
273 silly audit   'is-typed-array': [ '1.1.15' ],
273 silly audit   'is-weakmap': [ '2.0.2' ],
273 silly audit   'is-weakref': [ '1.1.1' ],
273 silly audit   'is-weakset': [ '2.0.4' ],
273 silly audit   isarray: [ '2.0.5' ],
273 silly audit   isexe: [ '2.0.0' ],
273 silly audit   'iterator.prototype': [ '1.1.5' ],
273 silly audit   jackspeak: [ '3.4.3' ],
273 silly audit   'js-tokens': [ '4.0.0' ],
273 silly audit   'js-yaml': [ '4.1.0' ],
273 silly audit   'json-buffer': [ '3.0.1' ],
273 silly audit   'json-schema-traverse': [ '0.4.1' ],
273 silly audit   'json-stable-stringify-without-jsonify': [ '1.0.1' ],
273 silly audit   json5: [ '1.0.2' ],
273 silly audit   'jsx-ast-utils': [ '3.3.5' ],
273 silly audit   keyv: [ '4.5.4' ],
273 silly audit   'language-subtag-registry': [ '0.3.23' ],
273 silly audit   'language-tags': [ '1.0.9' ],
273 silly audit   levn: [ '0.4.1' ],
273 silly audit   lilconfig: [ '3.1.3' ],
273 silly audit   'lines-and-columns': [ '1.2.4' ],
273 silly audit   'locate-path': [ '6.0.0' ],
273 silly audit   lodash: [ '4.17.21' ],
273 silly audit   'lodash.merge': [ '4.6.2' ],
273 silly audit   'loose-envify': [ '1.4.0' ],
273 silly audit   'lru-cache': [ '10.4.3' ],
273 silly audit   'lucide-react': [ '0.475.0' ],
273 silly audit   'math-intrinsics': [ '1.1.0' ],
273 silly audit   merge2: [ '1.4.1' ],
273 silly audit   micromatch: [ '4.0.8' ],
273 silly audit   minimist: [ '1.2.8' ],
273 silly audit   minipass: [ '7.1.2' ],
273 silly audit   'motion-dom': [ '12.5.0' ],
273 silly audit   'motion-utils': [ '12.5.0' ],
273 silly audit   ms: [ '2.1.3' ],
273 silly audit   mz: [ '2.7.0' ],
273 silly audit   nanoid: [ '3.3.8' ],
273 silly audit   'natural-compare': [ '1.4.0' ],
273 silly audit   postcss: [ '8.5.2', '8.4.31' ],
273 silly audit   'node-fetch-native': [ '1.6.7' ],
273 silly audit   'normalize-package-data': [ '6.0.2' ],
273 silly audit   'normalize-path': [ '3.0.0' ],
273 silly audit   nypm: [ '0.6.1' ],
273 silly audit   'object-assign': [ '4.1.1' ],
273 silly audit   'object-hash': [ '3.0.0' ],
273 silly audit   'object-inspect': [ '1.13.4' ],
273 silly audit   'object-keys': [ '1.1.1' ],
273 silly audit   'object.assign': [ '4.1.7' ],
273 silly audit   'object.entries': [ '1.1.8' ],
273 silly audit   'object.fromentries': [ '2.0.8' ],
273 silly audit   'object.groupby': [ '1.0.3' ],
273 silly audit   'object.values': [ '1.2.1' ],
273 silly audit   ohash: [ '2.0.11' ],
273 silly audit   optionator: [ '0.9.4' ],
273 silly audit   'own-keys': [ '1.0.1' ],
273 silly audit   'p-limit': [ '3.1.0' ],
273 silly audit   'p-locate': [ '5.0.0' ],
273 silly audit   'package-json-from-dist': [ '1.0.1' ],
273 silly audit   'parent-module': [ '1.0.1' ],
273 silly audit   'parse-json': [ '8.3.0' ],
273 silly audit   'path-exists': [ '4.0.0' ],
273 silly audit   'path-key': [ '3.1.1' ],
273 silly audit   'path-parse': [ '1.0.7' ],
273 silly audit   'path-scurry': [ '1.11.1' ],
273 silly audit   pathe: [ '2.0.3' ],
273 silly audit   'perfect-debounce': [ '1.0.0' ],
273 silly audit   picocolors: [ '1.1.1' ],
273 silly audit   picomatch: [ '2.3.1', '4.0.2' ],
273 silly audit   pify: [ '2.3.0' ],
273 silly audit   pirates: [ '4.0.6' ],
273 silly audit   'pkg-types': [ '2.2.0' ],
273 silly audit   playwright: [ '1.55.0' ],
273 silly audit   'playwright-core': [ '1.55.0' ],
273 silly audit   'possible-typed-array-names': [ '1.1.0' ],
273 silly audit   'postcss-import': [ '15.1.0' ],
273 silly audit   'postcss-js': [ '4.0.1' ],
273 silly audit   'postcss-load-config': [ '4.0.2' ],
273 silly audit   'postcss-nested': [ '6.2.0' ],
273 silly audit   'postcss-selector-parser': [ '6.1.2' ],
273 silly audit   'postcss-value-parser': [ '4.2.0' ],
273 silly audit   'prelude-ls': [ '1.2.1' ],
273 silly audit   prisma: [ '6.13.0' ],
273 silly audit   'prop-types': [ '15.8.1' ],
273 silly audit   punycode: [ '2.3.1' ],
273 silly audit   'pure-rand': [ '6.1.0' ],
273 silly audit   q: [ '1.5.1' ],
273 silly audit   'queue-microtask': [ '1.2.3' ],
273 silly audit   rc9: [ '2.1.2' ],
273 silly audit   react: [ '19.1.1' ],
273 silly audit   'react-dom': [ '19.1.1' ],
273 silly audit   'react-is': [ '16.13.1' ],
273 silly audit   'read-cache': [ '1.0.0' ],
273 silly audit   'read-package-up': [ '11.0.0' ],
273 silly audit   'read-pkg': [ '9.0.1' ],
273 silly audit   'reflect.getprototypeof': [ '1.0.10' ],
273 silly audit   'regexp.prototype.flags': [ '1.5.4' ],
273 silly audit   'resolve-from': [ '4.0.0' ],
273 silly audit   'resolve-pkg-maps': [ '1.0.0' ],
273 silly audit   reusify: [ '1.0.4' ],
273 silly audit   'run-parallel': [ '1.2.0' ],
273 silly audit   'safe-array-concat': [ '1.1.3' ],
273 silly audit   'safe-push-apply': [ '1.0.0' ],
273 silly audit   'safe-regex-test': [ '1.1.0' ],
273 silly audit   scheduler: [ '0.26.0' ],
273 silly audit   'set-function-length': [ '1.2.2' ],
273 silly audit   'set-function-name': [ '2.0.2' ],
273 silly audit   'set-proto': [ '1.0.0' ],
273 silly audit   'shebang-command': [ '2.0.0' ],
273 silly audit   'shebang-regex': [ '3.0.0' ],
273 silly audit   'side-channel': [ '1.1.0' ],
273 silly audit   'side-channel-list': [ '1.0.0' ],
273 silly audit   'side-channel-map': [ '1.0.1' ],
273 silly audit   'side-channel-weakmap': [ '1.0.2' ],
273 silly audit   'signal-exit': [ '4.1.0' ],
273 silly audit   'source-map-js': [ '1.2.1' ],
273 silly audit   'spdx-correct': [ '3.2.0' ],
273 silly audit   'spdx-exceptions': [ '2.5.0' ],
273 silly audit   'spdx-expression-parse': [ '3.0.1' ],
273 silly audit   'spdx-license-ids': [ '3.0.22' ],
273 silly audit   'stable-hash': [ '0.0.4' ],
273 silly audit   'string-width': [ '5.1.2', '4.2.3' ],
273 silly audit   'strip-ansi': [ '6.0.1', '7.1.0' ],
273 silly audit   'string.prototype.includes': [ '2.0.1' ],
273 silly audit   'string.prototype.matchall': [ '4.0.12' ],
273 silly audit   'string.prototype.repeat': [ '1.0.0' ],
273 silly audit   'string.prototype.trim': [ '1.2.10' ],
273 silly audit   'string.prototype.trimend': [ '1.0.9' ],
273 silly audit   'string.prototype.trimstart': [ '1.0.8' ],
273 silly audit   'strip-bom': [ '3.0.0' ],
273 silly audit   'strip-json-comments': [ '3.1.1' ],
273 silly audit   'styled-jsx': [ '5.1.6' ],
273 silly audit   sucrase: [ '3.35.0' ],
273 silly audit   'supports-color': [ '7.2.0' ],
273 silly audit   'supports-preserve-symlinks-flag': [ '1.0.0' ],
273 silly audit   tailwindcss: [ '3.4.17' ],
273 silly audit   tapable: [ '2.2.1' ],
273 silly audit   thenify: [ '3.3.1' ],
273 silly audit   'thenify-all': [ '1.6.0' ],
273 silly audit   tinyexec: [ '1.0.1' ],
273 silly audit   tinyglobby: [ '0.2.10' ],
273 silly audit   fdir: [ '6.4.3' ],
273 silly audit   'to-regex-range': [ '5.0.1' ],
273 silly audit   'ts-api-utils': [ '2.0.1' ],
273 silly audit   'ts-interface-checker': [ '0.1.13' ],
273 silly audit   'tsconfig-paths': [ '3.15.0' ],
273 silly audit   tslib: [ '2.8.1' ],
273 silly audit   'type-check': [ '0.4.0' ],
273 silly audit   'type-fest': [ '4.41.0' ],
273 silly audit   'typed-array-buffer': [ '1.0.3' ],
273 silly audit   'typed-array-byte-length': [ '1.0.3' ],
273 silly audit   'typed-array-byte-offset': [ '1.0.4' ],
273 silly audit   'typed-array-length': [ '1.0.7' ],
273 silly audit   typescript: [ '5.7.3' ],
273 silly audit   'unbox-primitive': [ '1.1.0' ],
273 silly audit   'undici-types': [ '6.19.8' ],
273 silly audit   'unicorn-magic': [ '0.1.0' ],
273 silly audit   'uri-js': [ '4.4.1' ],
273 silly audit   'util-deprecate': [ '1.0.2' ],
273 silly audit   'validate-npm-package-license': [ '3.0.4' ],
273 silly audit   which: [ '2.0.2' ],
273 silly audit   'which-boxed-primitive': [ '1.1.1' ],
273 silly audit   'which-builtin-type': [ '1.2.1' ],
273 silly audit   'which-collection': [ '1.0.2' ],
273 silly audit   'which-typed-array': [ '1.1.18' ],
273 silly audit   'word-wrap': [ '1.2.5' ],
273 silly audit   'wrap-ansi': [ '8.1.0', '7.0.0' ],
273 silly audit   yaml: [ '2.7.0' ],
273 silly audit   'yocto-queue': [ '0.1.0' ],
273 silly audit   next: [ '16.0.7' ],
273 silly audit   '@next/env': [ '16.0.7' ],
273 silly audit   '@next/swc-darwin-arm64': [ '16.0.7' ],
273 silly audit   '@next/swc-darwin-x64': [ '16.0.7' ],
273 silly audit   '@next/swc-linux-arm64-gnu': [ '16.0.7' ],
273 silly audit   '@next/swc-linux-arm64-musl': [ '16.0.7' ],
273 silly audit   '@next/swc-linux-x64-gnu': [ '16.0.7' ],
273 silly audit   '@next/swc-linux-x64-musl': [ '16.0.7' ],
273 silly audit   '@next/swc-win32-arm64-msvc': [ '16.0.7' ],
273 silly audit   '@next/swc-win32-x64-msvc': [ '16.0.7' ],
273 silly audit   sharp: [ '0.34.5' ],
273 silly audit   '@img/colour': [ '1.0.0' ],
273 silly audit   '@img/sharp-libvips-linux-ppc64': [ '1.2.4' ],
273 silly audit   '@img/sharp-libvips-linux-riscv64': [ '1.2.4' ],
273 silly audit   '@img/sharp-libvips-linux-s390x': [ '1.2.4' ],
273 silly audit   '@img/sharp-libvips-linuxmusl-arm64': [ '1.2.4' ],
273 silly audit   '@img/sharp-libvips-linuxmusl-x64': [ '1.2.4' ],
273 silly audit   '@img/sharp-linux-ppc64': [ '0.34.5' ],
273 silly audit   '@img/sharp-linux-riscv64': [ '0.34.5' ],
273 silly audit   '@img/sharp-linux-s390x': [ '0.34.5' ],
273 silly audit   '@img/sharp-linuxmusl-x64': [ '0.34.5' ],
273 silly audit   '@img/sharp-win32-arm64': [ '0.34.5' ],
273 silly audit   '@img/sharp-win32-ia32': [ '0.34.5' ],
273 silly audit   'detect-libc': [ '2.1.2' ]
273 silly audit }
274 verbose reify failed optional dependency /Users/mohammad/Projects/alfaruq-new-gm/node_modules/@img/sharp-win32-ia32
275 silly reify mark deleted [
275 silly reify   '/Users/mohammad/Projects/alfaruq-new-gm/node_modules/@img/sharp-win32-ia32'
275 silly reify ]
276 verbose reify failed optional dependency /Users/mohammad/Projects/alfaruq-new-gm/node_modules/@img/sharp-win32-arm64
277 silly reify mark deleted [
277 silly reify   '/Users/mohammad/Projects/alfaruq-new-gm/node_modules/@img/sharp-win32-arm64'
277 silly reify ]
278 verbose reify failed optional dependency /Users/mohammad/Projects/alfaruq-new-gm/node_modules/@img/sharp-linuxmusl-x64
279 silly reify mark deleted [
279 silly reify   '/Users/mohammad/Projects/alfaruq-new-gm/node_modules/@img/sharp-linuxmusl-x64'
279 silly reify ]
280 verbose reify failed optional dependency /Users/mohammad/Projects/alfaruq-new-gm/node_modules/@img/sharp-linux-s390x
281 silly reify mark deleted [
281 silly reify   '/Users/mohammad/Projects/alfaruq-new-gm/node_modules/@img/sharp-linux-s390x'
281 silly reify ]
282 verbose reify failed optional dependency /Users/mohammad/Projects/alfaruq-new-gm/node_modules/@img/sharp-linux-riscv64
283 silly reify mark deleted [
283 silly reify   '/Users/mohammad/Projects/alfaruq-new-gm/node_modules/@img/sharp-linux-riscv64'
283 silly reify ]
284 verbose reify failed optional dependency /Users/mohammad/Projects/alfaruq-new-gm/node_modules/@img/sharp-linux-ppc64
285 silly reify mark deleted [
285 silly reify   '/Users/mohammad/Projects/alfaruq-new-gm/node_modules/@img/sharp-linux-ppc64'
285 silly reify ]
286 verbose reify failed optional dependency /Users/mohammad/Projects/alfaruq-new-gm/node_modules/@img/sharp-libvips-linuxmusl-x64
287 silly reify mark deleted [
287 silly reify   '/Users/mohammad/Projects/alfaruq-new-gm/node_modules/@img/sharp-libvips-linuxmusl-x64'
287 silly reify ]
288 verbose reify failed optional dependency /Users/mohammad/Projects/alfaruq-new-gm/node_modules/@img/sharp-libvips-linuxmusl-arm64
289 silly reify mark deleted [
289 silly reify   '/Users/mohammad/Projects/alfaruq-new-gm/node_modules/@img/sharp-libvips-linuxmusl-arm64'
289 silly reify ]
290 verbose reify failed optional dependency /Users/mohammad/Projects/alfaruq-new-gm/node_modules/@img/sharp-libvips-linux-s390x
291 silly reify mark deleted [
291 silly reify   '/Users/mohammad/Projects/alfaruq-new-gm/node_modules/@img/sharp-libvips-linux-s390x'
291 silly reify ]
292 verbose reify failed optional dependency /Users/mohammad/Projects/alfaruq-new-gm/node_modules/@img/sharp-libvips-linux-riscv64
293 silly reify mark deleted [
293 silly reify   '/Users/mohammad/Projects/alfaruq-new-gm/node_modules/@img/sharp-libvips-linux-riscv64'
293 silly reify ]
294 verbose reify failed optional dependency /Users/mohammad/Projects/alfaruq-new-gm/node_modules/@img/sharp-libvips-linux-ppc64
295 silly reify mark deleted [
295 silly reify   '/Users/mohammad/Projects/alfaruq-new-gm/node_modules/@img/sharp-libvips-linux-ppc64'
295 silly reify ]
296 verbose reify failed optional dependency /Users/mohammad/Projects/alfaruq-new-gm/node_modules/@next/swc-win32-x64-msvc
297 silly reify mark deleted [
297 silly reify   '/Users/mohammad/Projects/alfaruq-new-gm/node_modules/@next/swc-win32-x64-msvc'
297 silly reify ]
298 verbose reify failed optional dependency /Users/mohammad/Projects/alfaruq-new-gm/node_modules/@next/swc-win32-arm64-msvc
299 silly reify mark deleted [
299 silly reify   '/Users/mohammad/Projects/alfaruq-new-gm/node_modules/@next/swc-win32-arm64-msvc'
299 silly reify ]
300 verbose reify failed optional dependency /Users/mohammad/Projects/alfaruq-new-gm/node_modules/@next/swc-linux-x64-musl
301 silly reify mark deleted [
301 silly reify   '/Users/mohammad/Projects/alfaruq-new-gm/node_modules/@next/swc-linux-x64-musl'
301 silly reify ]
302 verbose reify failed optional dependency /Users/mohammad/Projects/alfaruq-new-gm/node_modules/@next/swc-linux-x64-gnu
303 silly reify mark deleted [
303 silly reify   '/Users/mohammad/Projects/alfaruq-new-gm/node_modules/@next/swc-linux-x64-gnu'
303 silly reify ]
304 verbose reify failed optional dependency /Users/mohammad/Projects/alfaruq-new-gm/node_modules/@next/swc-linux-arm64-musl
305 silly reify mark deleted [
305 silly reify   '/Users/mohammad/Projects/alfaruq-new-gm/node_modules/@next/swc-linux-arm64-musl'
305 silly reify ]
306 verbose reify failed optional dependency /Users/mohammad/Projects/alfaruq-new-gm/node_modules/@next/swc-linux-arm64-gnu
307 silly reify mark deleted [
307 silly reify   '/Users/mohammad/Projects/alfaruq-new-gm/node_modules/@next/swc-linux-arm64-gnu'
307 silly reify ]
308 verbose reify failed optional dependency /Users/mohammad/Projects/alfaruq-new-gm/node_modules/@next/swc-darwin-x64
309 silly reify mark deleted [
309 silly reify   '/Users/mohammad/Projects/alfaruq-new-gm/node_modules/@next/swc-darwin-x64'
309 silly reify ]
310 http cache @img/colour@https://registry.npmjs.org/@img/colour/-/colour-1.0.0.tgz 0ms (cache hit)
311 http cache @next/swc-darwin-arm64@https://registry.npmjs.org/@next/swc-darwin-arm64/-/swc-darwin-arm64-16.0.7.tgz 0ms (cache hit)
312 http cache next@https://registry.npmjs.org/next/-/next-16.0.7.tgz 0ms (cache hit)
313 http cache sharp@https://registry.npmjs.org/sharp/-/sharp-0.34.5.tgz 0ms (cache hit)
314 http cache detect-libc@https://registry.npmjs.org/detect-libc/-/detect-libc-2.1.2.tgz 0ms (cache hit)
315 http cache @next/env@https://registry.npmjs.org/@next/env/-/env-16.0.7.tgz 0ms (cache hit)
316 silly tarball no local data for @img/colour@https://registry.npmjs.org/@img/colour/-/colour-1.0.0.tgz. Extracting by manifest.
317 http cache semver@https://registry.npmjs.org/semver/-/semver-7.7.3.tgz 0ms (cache hit)
318 silly tarball no local data for next@https://registry.npmjs.org/next/-/next-16.0.7.tgz. Extracting by manifest.
319 silly tarball no local data for sharp@https://registry.npmjs.org/sharp/-/sharp-0.34.5.tgz. Extracting by manifest.
320 http cache fsevents@https://registry.npmjs.org/fsevents/-/fsevents-2.3.2.tgz 0ms (cache hit)
321 silly tarball no local data for detect-libc@https://registry.npmjs.org/detect-libc/-/detect-libc-2.1.2.tgz. Extracting by manifest.
322 silly tarball no local data for @next/swc-darwin-arm64@https://registry.npmjs.org/@next/swc-darwin-arm64/-/swc-darwin-arm64-16.0.7.tgz. Extracting by manifest.
323 silly tarball no local data for @next/env@https://registry.npmjs.org/@next/env/-/env-16.0.7.tgz. Extracting by manifest.
324 silly tarball no local data for semver@https://registry.npmjs.org/semver/-/semver-7.7.3.tgz. Extracting by manifest.
325 http fetch GET 200 https://registry.npmjs.org/detect-libc/-/detect-libc-2.1.2.tgz 47ms (cache miss)
326 http fetch GET 200 https://registry.npmjs.org/@img/colour/-/colour-1.0.0.tgz 68ms (cache miss)
327 verbose reify failed optional dependency /Users/mohammad/Projects/alfaruq-new-gm/node_modules/@img/colour
328 silly reify mark deleted [ '/Users/mohammad/Projects/alfaruq-new-gm/node_modules/@img/colour' ]
329 verbose reify failed optional dependency /Users/mohammad/Projects/alfaruq-new-gm/node_modules/sharp
330 silly reify mark deleted [ '/Users/mohammad/Projects/alfaruq-new-gm/node_modules/sharp' ]
331 verbose reify failed optional dependency /Users/mohammad/Projects/alfaruq-new-gm/node_modules/detect-libc
332 silly reify mark deleted [ '/Users/mohammad/Projects/alfaruq-new-gm/node_modules/detect-libc' ]
333 http fetch GET 200 https://registry.npmjs.org/semver/-/semver-7.7.3.tgz 73ms (cache miss)
334 http fetch POST 200 https://registry.npmjs.org/-/npm/v1/security/advisories/bulk 83ms
335 silly audit report {
335 silly audit report   '@eslint/plugin-kit': [
335 silly audit report     {
335 silly audit report       id: 1106734,
335 silly audit report       url: 'https://github.com/advisories/GHSA-xffm-g5w8-qvg7',
335 silly audit report       title: '@eslint/plugin-kit is vulnerable to Regular Expression Denial of Service attacks through ConfigCommentParser',
335 silly audit report       severity: 'low',
335 silly audit report       vulnerable_versions: '<0.3.4',
335 silly audit report       cwe: [Array],
335 silly audit report       cvss: [Object]
335 silly audit report     }
335 silly audit report   ],
335 silly audit report   'brace-expansion': [
335 silly audit report     {
335 silly audit report       id: 1105443,
335 silly audit report       url: 'https://github.com/advisories/GHSA-v6h2-p8h4-qcjw',
335 silly audit report       title: 'brace-expansion Regular Expression Denial of Service vulnerability',
335 silly audit report       severity: 'low',
335 silly audit report       vulnerable_versions: '>=1.0.0 <=1.1.11',
335 silly audit report       cwe: [Array],
335 silly audit report       cvss: [Object]
335 silly audit report     },
335 silly audit report     {
335 silly audit report       id: 1105444,
335 silly audit report       url: 'https://github.com/advisories/GHSA-v6h2-p8h4-qcjw',
335 silly audit report       title: 'brace-expansion Regular Expression Denial of Service vulnerability',
335 silly audit report       severity: 'low',
335 silly audit report       vulnerable_versions: '>=2.0.0 <=2.0.1',
335 silly audit report       cwe: [Array],
335 silly audit report       cvss: [Object]
335 silly audit report     }
335 silly audit report   ],
335 silly audit report   glob: [
335 silly audit report     {
335 silly audit report       id: 1109842,
335 silly audit report       url: 'https://github.com/advisories/GHSA-5j98-mcp5-4vw2',
335 silly audit report       title: 'glob CLI: Command injection via -c/--cmd executes matches with shell:true',
335 silly audit report       severity: 'high',
335 silly audit report       vulnerable_versions: '>=10.2.0 <10.5.0',
335 silly audit report       cwe: [Array],
335 silly audit report       cvss: [Object]
335 silly audit report     }
335 silly audit report   ],
335 silly audit report   'js-yaml': [
335 silly audit report     {
335 silly audit report       id: 1109802,
335 silly audit report       url: 'https://github.com/advisories/GHSA-mh29-5h37-fv8m',
335 silly audit report       title: 'js-yaml has prototype pollution in merge (<<)',
335 silly audit report       severity: 'moderate',
335 silly audit report       vulnerable_versions: '>=4.0.0 <4.1.1',
335 silly audit report       cwe: [Array],
335 silly audit report       cvss: [Object]
335 silly audit report     }
335 silly audit report   ],
335 silly audit report   playwright: [
335 silly audit report     {
335 silly audit report       id: 1109208,
335 silly audit report       url: 'https://github.com/advisories/GHSA-7mvr-c777-76hp',
335 silly audit report       title: 'Playwright downloads and installs browsers without verifying the authenticity of the SSL certificate',
335 silly audit report       severity: 'high',
335 silly audit report       vulnerable_versions: '<1.55.1',
335 silly audit report       cwe: [Array],
335 silly audit report       cvss: [Object]
335 silly audit report     }
335 silly audit report   ]
335 silly audit report }
336 silly packumentCache corgi:https://registry.npmjs.org/@eslint%2fplugin-kit cache-miss
337 silly packumentCache corgi:https://registry.npmjs.org/brace-expansion cache-miss
338 silly packumentCache corgi:https://registry.npmjs.org/glob cache-miss
339 silly packumentCache corgi:https://registry.npmjs.org/js-yaml cache-miss
340 silly packumentCache corgi:https://registry.npmjs.org/playwright cache-miss
341 http fetch GET 200 https://registry.npmjs.org/sharp/-/sharp-0.34.5.tgz 83ms (cache miss)
342 http fetch GET 200 https://registry.npmjs.org/js-yaml 59ms (cache miss)
343 silly packumentCache corgi:https://registry.npmjs.org/js-yaml set size:undefined disposed:false
344 http fetch GET 200 https://registry.npmjs.org/glob 63ms (cache miss)
345 silly packumentCache corgi:https://registry.npmjs.org/glob set size:undefined disposed:false
346 http fetch GET 200 https://registry.npmjs.org/brace-expansion 72ms (cache revalidated)
347 silly packumentCache corgi:https://registry.npmjs.org/brace-expansion set size:16192 disposed:false
348 http fetch GET 200 https://registry.npmjs.org/@next/env/-/env-16.0.7.tgz 149ms (cache miss)
349 http fetch GET 200 https://registry.npmjs.org/@eslint%2fplugin-kit 133ms (cache updated)
350 silly packumentCache corgi:https://registry.npmjs.org/@eslint%2fplugin-kit set size:undefined disposed:false
351 http fetch GET 200 https://registry.npmjs.org/playwright 328ms (cache miss)
352 silly packumentCache corgi:https://registry.npmjs.org/playwright set size:undefined disposed:false
353 silly packumentCache corgi:https://registry.npmjs.org/eslint cache-miss
354 http fetch GET 200 https://registry.npmjs.org/eslint 114ms (cache updated)
355 silly packumentCache corgi:https://registry.npmjs.org/eslint set size:undefined disposed:false
356 silly packumentCache corgi:https://registry.npmjs.org/minimatch cache-miss
357 http fetch GET 200 https://registry.npmjs.org/minimatch 81ms (cache updated)
358 silly packumentCache corgi:https://registry.npmjs.org/minimatch set size:undefined disposed:false
359 silly packumentCache corgi:https://registry.npmjs.org/sucrase cache-miss
360 http fetch GET 200 https://registry.npmjs.org/sucrase 112ms (cache miss)
361 silly packumentCache corgi:https://registry.npmjs.org/sucrase set size:undefined disposed:false
362 silly packumentCache corgi:https://registry.npmjs.org/@eslint%2feslintrc cache-miss
363 http fetch GET 200 https://registry.npmjs.org/@eslint%2feslintrc 119ms (cache miss)
364 silly packumentCache corgi:https://registry.npmjs.org/@eslint%2feslintrc set size:undefined disposed:false
365 silly packumentCache corgi:https://registry.npmjs.org/@playwright%2ftest cache-miss
366 http fetch GET 200 https://registry.npmjs.org/@playwright%2ftest 316ms (cache miss)
367 silly packumentCache corgi:https://registry.npmjs.org/@playwright%2ftest set size:undefined disposed:false
368 silly packumentCache corgi:https://registry.npmjs.org/@eslint-community%2feslint-utils cache-miss
369 silly packumentCache corgi:https://registry.npmjs.org/@typescript-eslint%2feslint-plugin cache-miss
370 silly packumentCache corgi:https://registry.npmjs.org/@typescript-eslint%2fparser cache-miss
371 silly packumentCache corgi:https://registry.npmjs.org/@typescript-eslint%2ftype-utils cache-miss
372 silly packumentCache corgi:https://registry.npmjs.org/@typescript-eslint%2futils cache-miss
373 silly packumentCache corgi:https://registry.npmjs.org/eslint-config-next cache-miss
374 silly packumentCache corgi:https://registry.npmjs.org/eslint-import-resolver-typescript cache-miss
375 silly packumentCache corgi:https://registry.npmjs.org/eslint-plugin-import cache-miss
376 silly packumentCache corgi:https://registry.npmjs.org/eslint-plugin-jsx-a11y cache-miss
377 silly packumentCache corgi:https://registry.npmjs.org/eslint-plugin-react cache-miss
378 silly packumentCache corgi:https://registry.npmjs.org/eslint-plugin-react-hooks cache-miss
379 http fetch GET 200 https://registry.npmjs.org/eslint-plugin-import 124ms (cache revalidated)
380 silly packumentCache corgi:https://registry.npmjs.org/eslint-plugin-import set size:238396 disposed:false
381 http fetch GET 200 https://registry.npmjs.org/eslint-import-resolver-typescript 137ms (cache revalidated)
382 silly packumentCache corgi:https://registry.npmjs.org/eslint-import-resolver-typescript set size:138502 disposed:false
383 http fetch GET 200 https://registry.npmjs.org/@next/swc-darwin-arm64/-/swc-darwin-arm64-16.0.7.tgz 3010ms (cache miss)
384 http fetch GET 200 https://registry.npmjs.org/eslint-config-next 232ms (cache updated)
385 silly packumentCache corgi:https://registry.npmjs.org/eslint-config-next set size:undefined disposed:false
386 http fetch GET 200 https://registry.npmjs.org/@eslint-community%2feslint-utils 263ms (cache revalidated)
387 silly packumentCache corgi:https://registry.npmjs.org/@eslint-community%2feslint-utils set size:39826 disposed:false
388 http fetch GET 200 https://registry.npmjs.org/eslint-plugin-jsx-a11y 264ms (cache revalidated)
389 silly packumentCache corgi:https://registry.npmjs.org/eslint-plugin-jsx-a11y set size:108835 disposed:false
390 http fetch GET 200 https://registry.npmjs.org/eslint-plugin-react 278ms (cache revalidated)
391 silly packumentCache corgi:https://registry.npmjs.org/eslint-plugin-react set size:309843 disposed:false
392 http fetch GET 200 https://registry.npmjs.org/@typescript-eslint%2futils 353ms (cache updated)
393 silly packumentCache corgi:https://registry.npmjs.org/@typescript-eslint%2futils set size:undefined disposed:false
394 http fetch GET 200 https://registry.npmjs.org/eslint-plugin-react-hooks 394ms (cache updated)
395 silly packumentCache corgi:https://registry.npmjs.org/eslint-plugin-react-hooks set size:undefined disposed:false
396 http fetch GET 200 https://registry.npmjs.org/@typescript-eslint%2fparser 498ms (cache updated)
397 silly packumentCache corgi:https://registry.npmjs.org/@typescript-eslint%2fparser set size:undefined disposed:false
398 http fetch GET 200 https://registry.npmjs.org/@typescript-eslint%2ftype-utils 560ms (cache updated)
399 silly packumentCache corgi:https://registry.npmjs.org/@typescript-eslint%2ftype-utils set size:undefined disposed:false
400 http fetch GET 200 https://registry.npmjs.org/@typescript-eslint%2feslint-plugin 612ms (cache updated)
401 silly packumentCache corgi:https://registry.npmjs.org/@typescript-eslint%2feslint-plugin set size:undefined disposed:false
402 silly packumentCache corgi:https://registry.npmjs.org/next cache-miss
403 http cache https://registry.npmjs.org/next 24ms (cache hit)
404 silly packumentCache corgi:https://registry.npmjs.org/next set size:22768149 disposed:false
405 http fetch GET 200 https://registry.npmjs.org/next/-/next-16.0.7.tgz 3817ms (cache miss)
406 silly ADD
407 silly ADD
408 silly ADD
409 silly ADD
410 silly ADD
411 silly ADD
412 silly ADD
413 silly ADD
414 silly ADD
415 silly ADD
416 silly ADD
417 silly ADD
418 silly ADD
419 silly ADD
420 silly ADD
421 silly ADD
422 silly ADD
423 silly ADD
424 silly ADD
425 silly CHANGE node_modules/@next/swc-darwin-arm64
426 silly REMOVE node_modules/@img/sharp-libvips-darwin-arm64
427 silly CHANGE node_modules/@next/env
428 silly REMOVE node_modules/@img/sharp-darwin-arm64
429 silly REMOVE node_modules/simple-swizzle
430 silly CHANGE node_modules/sharp
431 silly CHANGE node_modules/semver
432 silly ADD node_modules/playwright/node_modules/fsevents
433 silly CHANGE node_modules/next
434 silly REMOVE node_modules/is-arrayish
435 silly CHANGE node_modules/detect-libc
436 silly REMOVE node_modules/color-string
437 silly REMOVE node_modules/color
438 verbose cwd /Users/mohammad/Projects/alfaruq-new-gm
439 verbose os Darwin 25.1.0
440 verbose node v22.17.1
441 verbose npm  v10.9.2
442 notice
442 notice New [31mmajor[39m version of npm available! [31m10.9.2[39m -> [34m11.6.4[39m
442 notice Changelog: [34mhttps://github.com/npm/cli/releases/tag/v11.6.4[39m
442 notice To update run: [4mnpm install -g npm@11.6.4[24m
442 notice  { force: true, [Symbol(proc-log.meta)]: true }
443 verbose exit 0
444 info ok
