0 verbose cli /usr/local/bin/node /usr/local/bin/npm
1 info using npm@10.9.2
2 info using node@v22.17.1
3 silly config load:file:/usr/local/lib/node_modules/npm/npmrc
4 silly config load:file:/Users/mohammad/Projects/alfaruq-new-gm/.npmrc
5 silly config load:file:/Users/mohammad/.npmrc
6 silly config load:file:/usr/local/etc/npmrc
7 verbose title npm i @playwright/test@^1.52.0
8 verbose argv "i" "--save-dev" "@playwright/test@^1.52.0"
9 verbose logfile logs-max:10 dir:/Users/mohammad/Projects/alfaruq-new-gm/.npm-cache/_logs/2025-09-13T16_19_10_584Z-
10 verbose logfile /Users/mohammad/Projects/alfaruq-new-gm/.npm-cache/_logs/2025-09-13T16_19_10_584Z-debug-0.log
11 silly logfile start cleaning logs, removing 1 files
12 silly packumentCache heap:4345298944 maxSize:1086324736 maxEntrySize:543162368
13 silly logfile done cleaning log files
14 silly idealTree buildDeps
15 silly fetch manifest @playwright/test@^1.52.0
16 silly packumentCache full:https://registry.npmjs.org/@playwright%2ftest cache-miss
17 http fetch GET 200 https://registry.npmjs.org/@playwright%2ftest 574ms (cache miss)
18 silly packumentCache full:https://registry.npmjs.org/@playwright%2ftest set size:undefined disposed:false
19 silly placeDep ROOT @playwright/test@1.55.0 OK for: alfaruq-new-gm@0.1.0 want: ^1.52.0
20 silly fetch manifest playwright@1.55.0
21 silly packumentCache full:https://registry.npmjs.org/playwright cache-miss
22 http cache https://registry.npmjs.org/playwright 18ms (cache hit)
23 silly packumentCache full:https://registry.npmjs.org/playwright set size:14893381 disposed:false
24 silly placeDep ROOT playwright@1.55.0 OK for: @playwright/test@1.55.0 want: 1.55.0
25 silly fetch manifest playwright-core@1.55.0
26 silly packumentCache full:https://registry.npmjs.org/playwright-core cache-miss
27 silly fetch manifest fsevents@2.3.2
28 silly packumentCache full:https://registry.npmjs.org/fsevents cache-miss
29 http cache https://registry.npmjs.org/fsevents 7ms (cache hit)
30 silly packumentCache full:https://registry.npmjs.org/fsevents set size:182472 disposed:false
31 http cache https://registry.npmjs.org/playwright-core 26ms (cache hit)
32 silly packumentCache full:https://registry.npmjs.org/playwright-core set size:16886416 disposed:false
33 silly placeDep node_modules/playwright fsevents@2.3.2 OK for: playwright@1.55.0 want: 2.3.2
34 silly placeDep ROOT playwright-core@1.55.0 OK for: playwright@1.55.0 want: 1.55.0
35 silly reify moves {}
36 silly audit bulk request {
36 silly audit   '@alloc/quick-lru': [ '5.2.0' ],
36 silly audit   '@babel/code-frame': [ '7.27.1' ],
36 silly audit   '@babel/helper-validator-identifier': [ '7.27.1' ],
36 silly audit   '@emnapi/runtime': [ '1.4.5' ],
36 silly audit   '@eslint-community/eslint-utils': [ '4.4.1' ],
36 silly audit   'eslint-visitor-keys': [ '3.4.3', '4.2.0' ],
36 silly audit   '@eslint-community/regexpp': [ '4.12.1' ],
36 silly audit   '@eslint/config-array': [ '0.19.2' ],
36 silly audit   '@eslint/core': [ '0.11.0', '0.10.0' ],
36 silly audit   '@eslint/eslintrc': [ '3.2.0' ],
36 silly audit   '@eslint/js': [ '9.20.0' ],
36 silly audit   '@eslint/object-schema': [ '2.1.6' ],
36 silly audit   '@eslint/plugin-kit': [ '0.2.5' ],
36 silly audit   '@humanfs/core': [ '0.19.1' ],
36 silly audit   '@humanfs/node': [ '0.16.6' ],
36 silly audit   '@humanwhocodes/retry': [ '0.3.1', '0.4.1' ],
36 silly audit   '@humanwhocodes/module-importer': [ '1.0.1' ],
36 silly audit   '@img/sharp-darwin-arm64': [ '0.34.3' ],
36 silly audit   '@img/sharp-darwin-x64': [ '0.34.3' ],
36 silly audit   '@img/sharp-libvips-darwin-arm64': [ '1.2.0' ],
36 silly audit   '@img/sharp-libvips-darwin-x64': [ '1.2.0' ],
36 silly audit   '@img/sharp-libvips-linux-arm': [ '1.2.0' ],
36 silly audit   '@img/sharp-libvips-linux-arm64': [ '1.2.0' ],
36 silly audit   '@img/sharp-libvips-linux-ppc64': [ '1.2.0' ],
36 silly audit   '@img/sharp-libvips-linux-s390x': [ '1.2.0' ],
36 silly audit   '@img/sharp-libvips-linux-x64': [ '1.2.0' ],
36 silly audit   '@img/sharp-libvips-linuxmusl-arm64': [ '1.2.0' ],
36 silly audit   '@img/sharp-libvips-linuxmusl-x64': [ '1.2.0' ],
36 silly audit   '@img/sharp-linux-arm': [ '0.34.3' ],
36 silly audit   '@img/sharp-linux-arm64': [ '0.34.3' ],
36 silly audit   '@img/sharp-linux-ppc64': [ '0.34.3' ],
36 silly audit   '@img/sharp-linux-s390x': [ '0.34.3' ],
36 silly audit   '@img/sharp-linux-x64': [ '0.34.3' ],
36 silly audit   '@img/sharp-linuxmusl-arm64': [ '0.34.3' ],
36 silly audit   '@img/sharp-linuxmusl-x64': [ '0.34.3' ],
36 silly audit   '@img/sharp-wasm32': [ '0.34.3' ],
36 silly audit   '@img/sharp-win32-arm64': [ '0.34.3' ],
36 silly audit   '@img/sharp-win32-ia32': [ '0.34.3' ],
36 silly audit   '@img/sharp-win32-x64': [ '0.34.3' ],
36 silly audit   '@isaacs/cliui': [ '8.0.2' ],
36 silly audit   '@jridgewell/gen-mapping': [ '0.3.8' ],
36 silly audit   '@jridgewell/resolve-uri': [ '3.1.2' ],
36 silly audit   '@jridgewell/set-array': [ '1.2.1' ],
36 silly audit   '@jridgewell/sourcemap-codec': [ '1.5.0' ],
36 silly audit   '@jridgewell/trace-mapping': [ '0.3.25' ],
36 silly audit   '@next/env': [ '15.4.4' ],
36 silly audit   '@next/eslint-plugin-next': [ '15.4.4' ],
36 silly audit   '@next/swc-darwin-arm64': [ '15.4.4' ],
36 silly audit   '@next/swc-darwin-x64': [ '15.4.4' ],
36 silly audit   '@next/swc-linux-arm64-gnu': [ '15.4.4' ],
36 silly audit   '@next/swc-linux-arm64-musl': [ '15.4.4' ],
36 silly audit   '@next/swc-linux-x64-gnu': [ '15.4.4' ],
36 silly audit   '@next/swc-linux-x64-musl': [ '15.4.4' ],
36 silly audit   '@next/swc-win32-arm64-msvc': [ '15.4.4' ],
36 silly audit   '@next/swc-win32-x64-msvc': [ '15.4.4' ],
36 silly audit   '@nodelib/fs.scandir': [ '2.1.5' ],
36 silly audit   '@nodelib/fs.stat': [ '2.0.5' ],
36 silly audit   '@nodelib/fs.walk': [ '1.2.8' ],
36 silly audit   '@nolyfill/is-core-module': [ '1.0.39' ],
36 silly audit   '@pkgjs/parseargs': [ '0.11.0' ],
36 silly audit   '@prisma/client': [ '6.13.0' ],
36 silly audit   '@prisma/config': [ '6.13.0' ],
36 silly audit   '@prisma/debug': [ '6.13.0' ],
36 silly audit   '@prisma/engines': [ '6.13.0' ],
36 silly audit   '@prisma/engines-version': [ '6.13.0-35.361e86d0ea4987e9f53a565309b3eed797a6bcbd' ],
36 silly audit   '@prisma/fetch-engine': [ '6.13.0' ],
36 silly audit   '@prisma/get-platform': [ '6.13.0' ],
36 silly audit   '@rtsao/scc': [ '1.1.0' ],
36 silly audit   '@rushstack/eslint-patch': [ '1.10.5' ],
36 silly audit   '@standard-schema/spec': [ '1.0.0' ],
36 silly audit   '@swc/helpers': [ '0.5.15' ],
36 silly audit   '@types/estree': [ '1.0.6' ],
36 silly audit   '@types/json-schema': [ '7.0.15' ],
36 silly audit   '@types/json5': [ '0.0.29' ],
36 silly audit   '@types/node': [ '20.17.19' ],
36 silly audit   '@types/normalize-package-data': [ '2.4.4' ],
36 silly audit   '@types/react': [ '19.0.8' ],
36 silly audit   '@types/react-dom': [ '19.0.3' ],
36 silly audit   '@typescript-eslint/eslint-plugin': [ '8.24.0' ],
36 silly audit   '@typescript-eslint/parser': [ '8.24.0' ],
36 silly audit   '@typescript-eslint/scope-manager': [ '8.24.0' ],
36 silly audit   '@typescript-eslint/type-utils': [ '8.24.0' ],
36 silly audit   '@typescript-eslint/types': [ '8.24.0' ],
36 silly audit   '@typescript-eslint/typescript-estree': [ '8.24.0' ],
36 silly audit   'brace-expansion': [ '2.0.1', '1.1.11' ],
36 silly audit   'fast-glob': [ '3.3.3', '3.3.1' ],
36 silly audit   'glob-parent': [ '5.1.2', '6.0.2' ],
36 silly audit   minimatch: [ '9.0.5', '3.1.2' ],
36 silly audit   '@typescript-eslint/utils': [ '8.24.0' ],
36 silly audit   '@typescript-eslint/visitor-keys': [ '8.24.0' ],
36 silly audit   acorn: [ '8.14.0' ],
36 silly audit   'acorn-jsx': [ '5.3.2' ],
36 silly audit   ajv: [ '6.12.6' ],
36 silly audit   'ansi-regex': [ '6.1.0', '5.0.1' ],
36 silly audit   'ansi-styles': [ '4.3.0', '6.2.1' ],
36 silly audit   'any-promise': [ '1.3.0' ],
36 silly audit   anymatch: [ '3.1.3' ],
36 silly audit   arg: [ '5.0.2' ],
36 silly audit   argparse: [ '2.0.1' ],
36 silly audit   'aria-query': [ '5.3.2' ],
36 silly audit   'array-buffer-byte-length': [ '1.0.2' ],
36 silly audit   'array-includes': [ '3.1.8' ],
36 silly audit   'array.prototype.findlast': [ '1.2.5' ],
36 silly audit   'array.prototype.findlastindex': [ '1.2.5' ],
36 silly audit   'array.prototype.flat': [ '1.3.3' ],
36 silly audit   'array.prototype.flatmap': [ '1.3.3' ],
36 silly audit   'array.prototype.tosorted': [ '1.1.4' ],
36 silly audit   'arraybuffer.prototype.slice': [ '1.0.4' ],
36 silly audit   'ast-types-flow': [ '0.0.8' ],
36 silly audit   'async-function': [ '1.0.0' ],
36 silly audit   'available-typed-arrays': [ '1.0.7' ],
36 silly audit   'axe-core': [ '4.10.2' ],
36 silly audit   'axobject-query': [ '4.1.0' ],
36 silly audit   'balanced-match': [ '1.0.2' ],
36 silly audit   bcryptjs: [ '3.0.2' ],
36 silly audit   'binary-extensions': [ '2.3.0' ],
36 silly audit   braces: [ '3.0.3' ],
36 silly audit   c12: [ '3.1.0' ],
36 silly audit   chokidar: [ '4.0.3', '3.6.0' ],
36 silly audit   jiti: [ '2.5.1', '1.21.7' ],
36 silly audit   readdirp: [ '4.1.2', '3.6.0' ],
36 silly audit   'call-bind': [ '1.0.8' ],
36 silly audit   'call-bind-apply-helpers': [ '1.0.2' ],
36 silly audit   'call-bound': [ '1.0.3' ],
36 silly audit   callsites: [ '3.1.0' ],
36 silly audit   'camelcase-css': [ '2.0.1' ],
36 silly audit   'caniuse-lite': [ '1.0.30001699' ],
36 silly audit   chalk: [ '4.1.2' ],
36 silly audit   citty: [ '0.1.6' ],
36 silly audit   'client-only': [ '0.0.1' ],
36 silly audit   cloudinary: [ '2.7.0' ],
36 silly audit   color: [ '4.2.3' ],
36 silly audit   'color-convert': [ '2.0.1' ],
36 silly audit   'color-name': [ '1.1.4' ],
36 silly audit   'color-string': [ '1.9.1' ],
36 silly audit   commander: [ '4.1.1' ],
36 silly audit   'concat-map': [ '0.0.1' ],
36 silly audit   confbox: [ '0.2.2' ],
36 silly audit   consola: [ '3.4.2' ],
36 silly audit   'cross-spawn': [ '7.0.6' ],
36 silly audit   cssesc: [ '3.0.0' ],
36 silly audit   csstype: [ '3.1.3' ],
36 silly audit   'damerau-levenshtein': [ '1.0.8' ],
36 silly audit   'data-view-buffer': [ '1.0.2' ],
36 silly audit   'data-view-byte-length': [ '1.0.2' ],
36 silly audit   'data-view-byte-offset': [ '1.0.1' ],
36 silly audit   debug: [ '4.4.0', '3.2.7' ],
36 silly audit   'deep-is': [ '0.1.4' ],
36 silly audit   'deepmerge-ts': [ '7.1.5' ],
36 silly audit   'define-data-property': [ '1.1.4' ],
36 silly audit   'define-properties': [ '1.2.1' ],
36 silly audit   defu: [ '6.1.4' ],
36 silly audit   destr: [ '2.0.5' ],
36 silly audit   'detect-libc': [ '2.0.4' ],
36 silly audit   didyoumean: [ '1.2.2' ],
36 silly audit   dlv: [ '1.1.3' ],
36 silly audit   doctrine: [ '2.1.0' ],
36 silly audit   dotenv: [ '16.6.1' ],
36 silly audit   'dunder-proto': [ '1.0.1' ],
36 silly audit   eastasianwidth: [ '0.2.0' ],
36 silly audit   effect: [ '3.16.12' ],
36 silly audit   'emoji-regex': [ '9.2.2', '8.0.0' ],
36 silly audit   'enhanced-resolve': [ '5.18.1' ],
36 silly audit   'es-abstract': [ '1.23.9' ],
36 silly audit   'es-define-property': [ '1.0.1' ],
36 silly audit   'es-errors': [ '1.3.0' ],
36 silly audit   'es-iterator-helpers': [ '1.2.1' ],
36 silly audit   'es-object-atoms': [ '1.1.1' ],
36 silly audit   'es-set-tostringtag': [ '2.1.0' ],
36 silly audit   'es-shim-unscopables': [ '1.1.0' ],
36 silly audit   'es-to-primitive': [ '1.3.0' ],
36 silly audit   'escape-string-regexp': [ '4.0.0' ],
36 silly audit   eslint: [ '9.20.1' ],
36 silly audit   'eslint-config-next': [ '15.4.4' ],
36 silly audit   'eslint-import-resolver-node': [ '0.3.9' ],
36 silly audit   'eslint-import-resolver-typescript': [ '3.8.0' ],
36 silly audit   'eslint-module-utils': [ '2.12.0' ],
36 silly audit   'eslint-plugin-import': [ '2.31.0' ],
36 silly audit   semver: [ '6.3.1', '7.7.2' ],
36 silly audit   'eslint-plugin-jsx-a11y': [ '6.10.2' ],
36 silly audit   'eslint-plugin-react': [ '7.37.4' ],
36 silly audit   'eslint-plugin-react-hooks': [ '5.1.0' ],
36 silly audit   resolve: [ '2.0.0-next.5', '1.22.10' ],
36 silly audit   'eslint-scope': [ '8.2.0' ],
36 silly audit   espree: [ '10.3.0' ],
36 silly audit   esquery: [ '1.6.0' ],
36 silly audit   esrecurse: [ '4.3.0' ],
36 silly audit   estraverse: [ '5.3.0' ],
36 silly audit   esutils: [ '2.0.3' ],
36 silly audit   exsolve: [ '1.0.7' ],
36 silly audit   'fast-check': [ '3.23.2' ],
36 silly audit   'fast-deep-equal': [ '3.1.3' ],
36 silly audit   'fast-json-stable-stringify': [ '2.1.0' ],
36 silly audit   'fast-levenshtein': [ '2.0.6' ],
36 silly audit   fastq: [ '1.19.0' ],
36 silly audit   'file-entry-cache': [ '8.0.0' ],
36 silly audit   'fill-range': [ '7.1.1' ],
36 silly audit   'find-up': [ '5.0.0' ],
36 silly audit   'find-up-simple': [ '1.0.1' ],
36 silly audit   'flat-cache': [ '4.0.1' ],
36 silly audit   flatted: [ '3.3.2' ],
36 silly audit   'for-each': [ '0.3.5' ],
36 silly audit   'foreground-child': [ '3.3.0' ],
36 silly audit   'framer-motion': [ '12.5.0' ],
36 silly audit   fsevents: [ '2.3.3', '2.3.2' ],
36 silly audit   'function-bind': [ '1.1.2' ],
36 silly audit   'function.prototype.name': [ '1.1.8' ],
36 silly audit   'functions-have-names': [ '1.2.3' ],
36 silly audit   'get-intrinsic': [ '1.2.7' ],
36 silly audit   'get-proto': [ '1.0.1' ],
36 silly audit   'get-symbol-description': [ '1.1.0' ],
36 silly audit   'get-tsconfig': [ '4.10.0' ],
36 silly audit   giget: [ '2.0.0' ],
36 silly audit   glob: [ '10.4.5' ],
36 silly audit   globals: [ '14.0.0' ],
36 silly audit   globalthis: [ '1.0.4' ],
36 silly audit   gopd: [ '1.2.0' ],
36 silly audit   'graceful-fs': [ '4.2.11' ],
36 silly audit   graphemer: [ '1.4.0' ],
36 silly audit   'has-bigints': [ '1.1.0' ],
36 silly audit   'has-flag': [ '4.0.0' ],
36 silly audit   'has-property-descriptors': [ '1.0.2' ],
36 silly audit   'has-proto': [ '1.2.0' ],
36 silly audit   'has-symbols': [ '1.1.0' ],
36 silly audit   'has-tostringtag': [ '1.0.2' ],
36 silly audit   hasown: [ '2.0.2' ],
36 silly audit   'hijri-date': [ '0.2.2' ],
36 silly audit   'hosted-git-info': [ '7.0.2' ],
36 silly audit   ignore: [ '5.3.2' ],
36 silly audit   'import-fresh': [ '3.3.1' ],
36 silly audit   imurmurhash: [ '0.1.4' ],
36 silly audit   'index-to-position': [ '1.1.0' ],
36 silly audit   'internal-slot': [ '1.1.0' ],
36 silly audit   'is-array-buffer': [ '3.0.5' ],
36 silly audit   'is-arrayish': [ '0.3.2' ],
36 silly audit   'is-async-function': [ '2.1.1' ],
36 silly audit   'is-bigint': [ '1.1.0' ],
36 silly audit   'is-binary-path': [ '2.1.0' ],
36 silly audit   'is-boolean-object': [ '1.2.2' ],
36 silly audit   'is-bun-module': [ '1.3.0' ],
36 silly audit   'is-callable': [ '1.2.7' ],
36 silly audit   'is-core-module': [ '2.16.1' ],
36 silly audit   'is-data-view': [ '1.0.2' ],
36 silly audit   'is-date-object': [ '1.1.0' ],
36 silly audit   'is-extglob': [ '2.1.1' ],
36 silly audit   'is-finalizationregistry': [ '1.1.1' ],
36 silly audit   'is-fullwidth-code-point': [ '3.0.0' ],
36 silly audit   'is-generator-function': [ '1.1.0' ],
36 silly audit   'is-glob': [ '4.0.3' ],
36 silly audit   'is-map': [ '2.0.3' ],
36 silly audit   'is-number': [ '7.0.0' ],
36 silly audit   'is-number-object': [ '1.1.1' ],
36 silly audit   'is-regex': [ '1.2.1' ],
36 silly audit   'is-set': [ '2.0.3' ],
36 silly audit   'is-shared-array-buffer': [ '1.0.4' ],
36 silly audit   'is-string': [ '1.1.1' ],
36 silly audit   'is-symbol': [ '1.1.1' ],
36 silly audit   'is-typed-array': [ '1.1.15' ],
36 silly audit   'is-weakmap': [ '2.0.2' ],
36 silly audit   'is-weakref': [ '1.1.1' ],
36 silly audit   'is-weakset': [ '2.0.4' ],
36 silly audit   isarray: [ '2.0.5' ],
36 silly audit   isexe: [ '2.0.0' ],
36 silly audit   'iterator.prototype': [ '1.1.5' ],
36 silly audit   jackspeak: [ '3.4.3' ],
36 silly audit   'js-tokens': [ '4.0.0' ],
36 silly audit   'js-yaml': [ '4.1.0' ],
36 silly audit   'json-buffer': [ '3.0.1' ],
36 silly audit   'json-schema-traverse': [ '0.4.1' ],
36 silly audit   'json-stable-stringify-without-jsonify': [ '1.0.1' ],
36 silly audit   json5: [ '1.0.2' ],
36 silly audit   'jsx-ast-utils': [ '3.3.5' ],
36 silly audit   keyv: [ '4.5.4' ],
36 silly audit   'language-subtag-registry': [ '0.3.23' ],
36 silly audit   'language-tags': [ '1.0.9' ],
36 silly audit   levn: [ '0.4.1' ],
36 silly audit   lilconfig: [ '3.1.3' ],
36 silly audit   'lines-and-columns': [ '1.2.4' ],
36 silly audit   'locate-path': [ '6.0.0' ],
36 silly audit   lodash: [ '4.17.21' ],
36 silly audit   'lodash.merge': [ '4.6.2' ],
36 silly audit   'loose-envify': [ '1.4.0' ],
36 silly audit   'lru-cache': [ '10.4.3' ],
36 silly audit   'lucide-react': [ '0.475.0' ],
36 silly audit   'math-intrinsics': [ '1.1.0' ],
36 silly audit   merge2: [ '1.4.1' ],
36 silly audit   micromatch: [ '4.0.8' ],
36 silly audit   minimist: [ '1.2.8' ],
36 silly audit   minipass: [ '7.1.2' ],
36 silly audit   'motion-dom': [ '12.5.0' ],
36 silly audit   'motion-utils': [ '12.5.0' ],
36 silly audit   ms: [ '2.1.3' ],
36 silly audit   mz: [ '2.7.0' ],
36 silly audit   nanoid: [ '3.3.8' ],
36 silly audit   'natural-compare': [ '1.4.0' ],
36 silly audit   next: [ '15.4.4' ],
36 silly audit   postcss: [ '8.4.31', '8.5.2' ],
36 silly audit   'node-fetch-native': [ '1.6.7' ],
36 silly audit   'normalize-package-data': [ '6.0.2' ],
36 silly audit   'normalize-path': [ '3.0.0' ],
36 silly audit   nypm: [ '0.6.1' ],
36 silly audit   'object-assign': [ '4.1.1' ],
36 silly audit   'object-hash': [ '3.0.0' ],
36 silly audit   'object-inspect': [ '1.13.4' ],
36 silly audit   'object-keys': [ '1.1.1' ],
36 silly audit   'object.assign': [ '4.1.7' ],
36 silly audit   'object.entries': [ '1.1.8' ],
36 silly audit   'object.fromentries': [ '2.0.8' ],
36 silly audit   'object.groupby': [ '1.0.3' ],
36 silly audit   'object.values': [ '1.2.1' ],
36 silly audit   ohash: [ '2.0.11' ],
36 silly audit   optionator: [ '0.9.4' ],
36 silly audit   'own-keys': [ '1.0.1' ],
36 silly audit   'p-limit': [ '3.1.0' ],
36 silly audit   'p-locate': [ '5.0.0' ],
36 silly audit   'package-json-from-dist': [ '1.0.1' ],
36 silly audit   'parent-module': [ '1.0.1' ],
36 silly audit   'parse-json': [ '8.3.0' ],
36 silly audit   'path-exists': [ '4.0.0' ],
36 silly audit   'path-key': [ '3.1.1' ],
36 silly audit   'path-parse': [ '1.0.7' ],
36 silly audit   'path-scurry': [ '1.11.1' ],
36 silly audit   pathe: [ '2.0.3' ],
36 silly audit   'perfect-debounce': [ '1.0.0' ],
36 silly audit   picocolors: [ '1.1.1' ],
36 silly audit   picomatch: [ '2.3.1', '4.0.2' ],
36 silly audit   pify: [ '2.3.0' ],
36 silly audit   pirates: [ '4.0.6' ],
36 silly audit   'pkg-types': [ '2.2.0' ],
36 silly audit   'possible-typed-array-names': [ '1.1.0' ],
36 silly audit   'postcss-import': [ '15.1.0' ],
36 silly audit   'postcss-js': [ '4.0.1' ],
36 silly audit   'postcss-load-config': [ '4.0.2' ],
36 silly audit   'postcss-nested': [ '6.2.0' ],
36 silly audit   'postcss-selector-parser': [ '6.1.2' ],
36 silly audit   'postcss-value-parser': [ '4.2.0' ],
36 silly audit   'prelude-ls': [ '1.2.1' ],
36 silly audit   prisma: [ '6.13.0' ],
36 silly audit   'prop-types': [ '15.8.1' ],
36 silly audit   punycode: [ '2.3.1' ],
36 silly audit   'pure-rand': [ '6.1.0' ],
36 silly audit   q: [ '1.5.1' ],
36 silly audit   'queue-microtask': [ '1.2.3' ],
36 silly audit   rc9: [ '2.1.2' ],
36 silly audit   react: [ '19.1.1' ],
36 silly audit   'react-dom': [ '19.1.1' ],
36 silly audit   'react-is': [ '16.13.1' ],
36 silly audit   'read-cache': [ '1.0.0' ],
36 silly audit   'read-package-up': [ '11.0.0' ],
36 silly audit   'read-pkg': [ '9.0.1' ],
36 silly audit   'reflect.getprototypeof': [ '1.0.10' ],
36 silly audit   'regexp.prototype.flags': [ '1.5.4' ],
36 silly audit   'resolve-from': [ '4.0.0' ],
36 silly audit   'resolve-pkg-maps': [ '1.0.0' ],
36 silly audit   reusify: [ '1.0.4' ],
36 silly audit   'run-parallel': [ '1.2.0' ],
36 silly audit   'safe-array-concat': [ '1.1.3' ],
36 silly audit   'safe-push-apply': [ '1.0.0' ],
36 silly audit   'safe-regex-test': [ '1.1.0' ],
36 silly audit   scheduler: [ '0.26.0' ],
36 silly audit   'set-function-length': [ '1.2.2' ],
36 silly audit   'set-function-name': [ '2.0.2' ],
36 silly audit   'set-proto': [ '1.0.0' ],
36 silly audit   sharp: [ '0.34.3' ],
36 silly audit   'shebang-command': [ '2.0.0' ],
36 silly audit   'shebang-regex': [ '3.0.0' ],
36 silly audit   'side-channel': [ '1.1.0' ],
36 silly audit   'side-channel-list': [ '1.0.0' ],
36 silly audit   'side-channel-map': [ '1.0.1' ],
36 silly audit   'side-channel-weakmap': [ '1.0.2' ],
36 silly audit   'signal-exit': [ '4.1.0' ],
36 silly audit   'simple-swizzle': [ '0.2.2' ],
36 silly audit   'source-map-js': [ '1.2.1' ],
36 silly audit   'spdx-correct': [ '3.2.0' ],
36 silly audit   'spdx-exceptions': [ '2.5.0' ],
36 silly audit   'spdx-expression-parse': [ '3.0.1' ],
36 silly audit   'spdx-license-ids': [ '3.0.22' ],
36 silly audit   'stable-hash': [ '0.0.4' ],
36 silly audit   'string-width': [ '5.1.2', '4.2.3' ],
36 silly audit   'strip-ansi': [ '6.0.1', '7.1.0' ],
36 silly audit   'string.prototype.includes': [ '2.0.1' ],
36 silly audit   'string.prototype.matchall': [ '4.0.12' ],
36 silly audit   'string.prototype.repeat': [ '1.0.0' ],
36 silly audit   'string.prototype.trim': [ '1.2.10' ],
36 silly audit   'string.prototype.trimend': [ '1.0.9' ],
36 silly audit   'string.prototype.trimstart': [ '1.0.8' ],
36 silly audit   'strip-bom': [ '3.0.0' ],
36 silly audit   'strip-json-comments': [ '3.1.1' ],
36 silly audit   'styled-jsx': [ '5.1.6' ],
36 silly audit   sucrase: [ '3.35.0' ],
36 silly audit   'supports-color': [ '7.2.0' ],
36 silly audit   'supports-preserve-symlinks-flag': [ '1.0.0' ],
36 silly audit   tailwindcss: [ '3.4.17' ],
36 silly audit   tapable: [ '2.2.1' ],
36 silly audit   thenify: [ '3.3.1' ],
36 silly audit   'thenify-all': [ '1.6.0' ],
36 silly audit   tinyexec: [ '1.0.1' ],
36 silly audit   tinyglobby: [ '0.2.10' ],
36 silly audit   fdir: [ '6.4.3' ],
36 silly audit   'to-regex-range': [ '5.0.1' ],
36 silly audit   'ts-api-utils': [ '2.0.1' ],
36 silly audit   'ts-interface-checker': [ '0.1.13' ],
36 silly audit   'tsconfig-paths': [ '3.15.0' ],
36 silly audit   tslib: [ '2.8.1' ],
36 silly audit   'type-check': [ '0.4.0' ],
36 silly audit   'type-fest': [ '4.41.0' ],
36 silly audit   'typed-array-buffer': [ '1.0.3' ],
36 silly audit   'typed-array-byte-length': [ '1.0.3' ],
36 silly audit   'typed-array-byte-offset': [ '1.0.4' ],
36 silly audit   'typed-array-length': [ '1.0.7' ],
36 silly audit   typescript: [ '5.7.3' ],
36 silly audit   'unbox-primitive': [ '1.1.0' ],
36 silly audit   'undici-types': [ '6.19.8' ],
36 silly audit   'unicorn-magic': [ '0.1.0' ],
36 silly audit   'uri-js': [ '4.4.1' ],
36 silly audit   'util-deprecate': [ '1.0.2' ],
36 silly audit   'validate-npm-package-license': [ '3.0.4' ],
36 silly audit   which: [ '2.0.2' ],
36 silly audit   'which-boxed-primitive': [ '1.1.1' ],
36 silly audit   'which-builtin-type': [ '1.2.1' ],
36 silly audit   'which-collection': [ '1.0.2' ],
36 silly audit   'which-typed-array': [ '1.1.18' ],
36 silly audit   'word-wrap': [ '1.2.5' ],
36 silly audit   'wrap-ansi': [ '8.1.0', '7.0.0' ],
36 silly audit   yaml: [ '2.7.0' ],
36 silly audit   'yocto-queue': [ '0.1.0' ],
36 silly audit   '@playwright/test': [ '1.55.0' ],
36 silly audit   playwright: [ '1.55.0' ],
36 silly audit   'playwright-core': [ '1.55.0' ]
36 silly audit }
37 verbose reify failed optional dependency /Users/mohammad/Projects/alfaruq-new-gm/node_modules/@next/swc-win32-x64-msvc
38 silly reify mark deleted [
38 silly reify   '/Users/mohammad/Projects/alfaruq-new-gm/node_modules/@next/swc-win32-x64-msvc'
38 silly reify ]
39 verbose reify failed optional dependency /Users/mohammad/Projects/alfaruq-new-gm/node_modules/@next/swc-win32-arm64-msvc
40 silly reify mark deleted [
40 silly reify   '/Users/mohammad/Projects/alfaruq-new-gm/node_modules/@next/swc-win32-arm64-msvc'
40 silly reify ]
41 verbose reify failed optional dependency /Users/mohammad/Projects/alfaruq-new-gm/node_modules/@next/swc-linux-x64-musl
42 silly reify mark deleted [
42 silly reify   '/Users/mohammad/Projects/alfaruq-new-gm/node_modules/@next/swc-linux-x64-musl'
42 silly reify ]
43 verbose reify failed optional dependency /Users/mohammad/Projects/alfaruq-new-gm/node_modules/@next/swc-linux-x64-gnu
44 silly reify mark deleted [
44 silly reify   '/Users/mohammad/Projects/alfaruq-new-gm/node_modules/@next/swc-linux-x64-gnu'
44 silly reify ]
45 verbose reify failed optional dependency /Users/mohammad/Projects/alfaruq-new-gm/node_modules/@next/swc-linux-arm64-musl
46 silly reify mark deleted [
46 silly reify   '/Users/mohammad/Projects/alfaruq-new-gm/node_modules/@next/swc-linux-arm64-musl'
46 silly reify ]
47 verbose reify failed optional dependency /Users/mohammad/Projects/alfaruq-new-gm/node_modules/@next/swc-linux-arm64-gnu
48 silly reify mark deleted [
48 silly reify   '/Users/mohammad/Projects/alfaruq-new-gm/node_modules/@next/swc-linux-arm64-gnu'
48 silly reify ]
49 verbose reify failed optional dependency /Users/mohammad/Projects/alfaruq-new-gm/node_modules/@next/swc-darwin-x64
50 silly reify mark deleted [
50 silly reify   '/Users/mohammad/Projects/alfaruq-new-gm/node_modules/@next/swc-darwin-x64'
50 silly reify ]
51 verbose reify failed optional dependency /Users/mohammad/Projects/alfaruq-new-gm/node_modules/@img/sharp-win32-x64
52 silly reify mark deleted [
52 silly reify   '/Users/mohammad/Projects/alfaruq-new-gm/node_modules/@img/sharp-win32-x64'
52 silly reify ]
53 verbose reify failed optional dependency /Users/mohammad/Projects/alfaruq-new-gm/node_modules/@img/sharp-win32-ia32
54 silly reify mark deleted [
54 silly reify   '/Users/mohammad/Projects/alfaruq-new-gm/node_modules/@img/sharp-win32-ia32'
54 silly reify ]
55 verbose reify failed optional dependency /Users/mohammad/Projects/alfaruq-new-gm/node_modules/@img/sharp-win32-arm64
56 silly reify mark deleted [
56 silly reify   '/Users/mohammad/Projects/alfaruq-new-gm/node_modules/@img/sharp-win32-arm64'
56 silly reify ]
57 verbose reify failed optional dependency /Users/mohammad/Projects/alfaruq-new-gm/node_modules/@img/sharp-wasm32
58 silly reify mark deleted [
58 silly reify   '/Users/mohammad/Projects/alfaruq-new-gm/node_modules/@img/sharp-wasm32'
58 silly reify ]
59 verbose reify failed optional dependency /Users/mohammad/Projects/alfaruq-new-gm/node_modules/@emnapi/runtime
60 silly reify mark deleted [
60 silly reify   '/Users/mohammad/Projects/alfaruq-new-gm/node_modules/@emnapi/runtime'
60 silly reify ]
61 verbose reify failed optional dependency /Users/mohammad/Projects/alfaruq-new-gm/node_modules/@img/sharp-linuxmusl-x64
62 silly reify mark deleted [
62 silly reify   '/Users/mohammad/Projects/alfaruq-new-gm/node_modules/@img/sharp-linuxmusl-x64'
62 silly reify ]
63 verbose reify failed optional dependency /Users/mohammad/Projects/alfaruq-new-gm/node_modules/@img/sharp-linuxmusl-arm64
64 silly reify mark deleted [
64 silly reify   '/Users/mohammad/Projects/alfaruq-new-gm/node_modules/@img/sharp-linuxmusl-arm64'
64 silly reify ]
65 verbose reify failed optional dependency /Users/mohammad/Projects/alfaruq-new-gm/node_modules/@img/sharp-linux-x64
66 silly reify mark deleted [
66 silly reify   '/Users/mohammad/Projects/alfaruq-new-gm/node_modules/@img/sharp-linux-x64'
66 silly reify ]
67 verbose reify failed optional dependency /Users/mohammad/Projects/alfaruq-new-gm/node_modules/@img/sharp-linux-s390x
68 silly reify mark deleted [
68 silly reify   '/Users/mohammad/Projects/alfaruq-new-gm/node_modules/@img/sharp-linux-s390x'
68 silly reify ]
69 verbose reify failed optional dependency /Users/mohammad/Projects/alfaruq-new-gm/node_modules/@img/sharp-linux-ppc64
70 silly reify mark deleted [
70 silly reify   '/Users/mohammad/Projects/alfaruq-new-gm/node_modules/@img/sharp-linux-ppc64'
70 silly reify ]
71 verbose reify failed optional dependency /Users/mohammad/Projects/alfaruq-new-gm/node_modules/@img/sharp-linux-arm64
72 silly reify mark deleted [
72 silly reify   '/Users/mohammad/Projects/alfaruq-new-gm/node_modules/@img/sharp-linux-arm64'
72 silly reify ]
73 verbose reify failed optional dependency /Users/mohammad/Projects/alfaruq-new-gm/node_modules/@img/sharp-linux-arm
74 silly reify mark deleted [
74 silly reify   '/Users/mohammad/Projects/alfaruq-new-gm/node_modules/@img/sharp-linux-arm'
74 silly reify ]
75 verbose reify failed optional dependency /Users/mohammad/Projects/alfaruq-new-gm/node_modules/@img/sharp-libvips-linuxmusl-x64
76 silly reify mark deleted [
76 silly reify   '/Users/mohammad/Projects/alfaruq-new-gm/node_modules/@img/sharp-libvips-linuxmusl-x64'
76 silly reify ]
77 verbose reify failed optional dependency /Users/mohammad/Projects/alfaruq-new-gm/node_modules/@img/sharp-libvips-linuxmusl-arm64
78 silly reify mark deleted [
78 silly reify   '/Users/mohammad/Projects/alfaruq-new-gm/node_modules/@img/sharp-libvips-linuxmusl-arm64'
78 silly reify ]
79 verbose reify failed optional dependency /Users/mohammad/Projects/alfaruq-new-gm/node_modules/@img/sharp-libvips-linux-x64
80 silly reify mark deleted [
80 silly reify   '/Users/mohammad/Projects/alfaruq-new-gm/node_modules/@img/sharp-libvips-linux-x64'
80 silly reify ]
81 verbose reify failed optional dependency /Users/mohammad/Projects/alfaruq-new-gm/node_modules/@img/sharp-libvips-linux-s390x
82 silly reify mark deleted [
82 silly reify   '/Users/mohammad/Projects/alfaruq-new-gm/node_modules/@img/sharp-libvips-linux-s390x'
82 silly reify ]
83 verbose reify failed optional dependency /Users/mohammad/Projects/alfaruq-new-gm/node_modules/@img/sharp-libvips-linux-ppc64
84 silly reify mark deleted [
84 silly reify   '/Users/mohammad/Projects/alfaruq-new-gm/node_modules/@img/sharp-libvips-linux-ppc64'
84 silly reify ]
85 verbose reify failed optional dependency /Users/mohammad/Projects/alfaruq-new-gm/node_modules/@img/sharp-libvips-linux-arm64
86 silly reify mark deleted [
86 silly reify   '/Users/mohammad/Projects/alfaruq-new-gm/node_modules/@img/sharp-libvips-linux-arm64'
86 silly reify ]
87 verbose reify failed optional dependency /Users/mohammad/Projects/alfaruq-new-gm/node_modules/@img/sharp-libvips-linux-arm
88 silly reify mark deleted [
88 silly reify   '/Users/mohammad/Projects/alfaruq-new-gm/node_modules/@img/sharp-libvips-linux-arm'
88 silly reify ]
89 verbose reify failed optional dependency /Users/mohammad/Projects/alfaruq-new-gm/node_modules/@img/sharp-libvips-darwin-x64
90 silly reify mark deleted [
90 silly reify   '/Users/mohammad/Projects/alfaruq-new-gm/node_modules/@img/sharp-libvips-darwin-x64'
90 silly reify ]
91 verbose reify failed optional dependency /Users/mohammad/Projects/alfaruq-new-gm/node_modules/@img/sharp-darwin-x64
92 silly reify mark deleted [
92 silly reify   '/Users/mohammad/Projects/alfaruq-new-gm/node_modules/@img/sharp-darwin-x64'
92 silly reify ]
93 http cache playwright-core@https://registry.npmjs.org/playwright-core/-/playwright-core-1.55.0.tgz 0ms (cache hit)
94 http cache playwright@https://registry.npmjs.org/playwright/-/playwright-1.55.0.tgz 0ms (cache hit)
95 http cache @playwright/test@https://registry.npmjs.org/@playwright/test/-/test-1.55.0.tgz 0ms (cache hit)
96 http cache @emnapi/runtime@https://registry.npmjs.org/@emnapi/runtime/-/runtime-1.4.5.tgz 0ms (cache hit)
97 http cache fsevents@https://registry.npmjs.org/fsevents/-/fsevents-2.3.2.tgz 0ms (cache hit)
98 silly tarball no local data for playwright-core@https://registry.npmjs.org/playwright-core/-/playwright-core-1.55.0.tgz. Extracting by manifest.
99 silly tarball no local data for playwright@https://registry.npmjs.org/playwright/-/playwright-1.55.0.tgz. Extracting by manifest.
100 silly tarball no local data for @playwright/test@https://registry.npmjs.org/@playwright/test/-/test-1.55.0.tgz. Extracting by manifest.
101 http fetch POST 200 https://registry.npmjs.org/-/npm/v1/security/advisories/bulk 76ms
102 silly audit report {
102 silly audit report   '@eslint/plugin-kit': [
102 silly audit report     {
102 silly audit report       id: 1106734,
102 silly audit report       url: 'https://github.com/advisories/GHSA-xffm-g5w8-qvg7',
102 silly audit report       title: '@eslint/plugin-kit is vulnerable to Regular Expression Denial of Service attacks through ConfigCommentParser',
102 silly audit report       severity: 'low',
102 silly audit report       vulnerable_versions: '<0.3.4',
102 silly audit report       cwe: [Array],
102 silly audit report       cvss: [Object]
102 silly audit report     }
102 silly audit report   ],
102 silly audit report   'brace-expansion': [
102 silly audit report     {
102 silly audit report       id: 1105443,
102 silly audit report       url: 'https://github.com/advisories/GHSA-v6h2-p8h4-qcjw',
102 silly audit report       title: 'brace-expansion Regular Expression Denial of Service vulnerability',
102 silly audit report       severity: 'low',
102 silly audit report       vulnerable_versions: '>=1.0.0 <=1.1.11',
102 silly audit report       cwe: [Array],
102 silly audit report       cvss: [Object]
102 silly audit report     },
102 silly audit report     {
102 silly audit report       id: 1105444,
102 silly audit report       url: 'https://github.com/advisories/GHSA-v6h2-p8h4-qcjw',
102 silly audit report       title: 'brace-expansion Regular Expression Denial of Service vulnerability',
102 silly audit report       severity: 'low',
102 silly audit report       vulnerable_versions: '>=2.0.0 <=2.0.1',
102 silly audit report       cwe: [Array],
102 silly audit report       cvss: [Object]
102 silly audit report     }
102 silly audit report   ],
102 silly audit report   next: [
102 silly audit report     {
102 silly audit report       id: 1107228,
102 silly audit report       url: 'https://github.com/advisories/GHSA-g5qg-72qw-gw5v',
102 silly audit report       title: 'Next.js Affected by Cache Key Confusion for Image Optimization API Routes',
102 silly audit report       severity: 'moderate',
102 silly audit report       vulnerable_versions: '>=15.0.0 <=15.4.4',
102 silly audit report       cwe: [Array],
102 silly audit report       cvss: [Object]
102 silly audit report     },
102 silly audit report     {
102 silly audit report       id: 1107514,
102 silly audit report       url: 'https://github.com/advisories/GHSA-xv57-4mr9-wg8v',
102 silly audit report       title: 'Next.js Content Injection Vulnerability for Image Optimization',
102 silly audit report       severity: 'moderate',
102 silly audit report       vulnerable_versions: '>=15.0.0 <=15.4.4',
102 silly audit report       cwe: [Array],
102 silly audit report       cvss: [Object]
102 silly audit report     },
102 silly audit report     {
102 silly audit report       id: 1107515,
102 silly audit report       url: 'https://github.com/advisories/GHSA-4342-x723-ch2f',
102 silly audit report       title: 'Next.js Improper Middleware Redirect Handling Leads to SSRF',
102 silly audit report       severity: 'moderate',
102 silly audit report       vulnerable_versions: '>=15.0.0-canary.0 <15.4.7',
102 silly audit report       cwe: [Array],
102 silly audit report       cvss: [Object]
102 silly audit report     }
102 silly audit report   ]
102 silly audit report }
103 silly packumentCache corgi:https://registry.npmjs.org/@eslint%2fplugin-kit cache-miss
104 silly packumentCache corgi:https://registry.npmjs.org/brace-expansion cache-miss
105 silly packumentCache corgi:https://registry.npmjs.org/next cache-miss
106 http fetch GET 200 https://registry.npmjs.org/brace-expansion 100ms (cache revalidated)
107 silly packumentCache corgi:https://registry.npmjs.org/brace-expansion set size:16192 disposed:false
108 http fetch GET 200 https://registry.npmjs.org/playwright/-/playwright-1.55.0.tgz 177ms (cache miss)
109 http fetch GET 200 https://registry.npmjs.org/@playwright/test/-/test-1.55.0.tgz 224ms (cache miss)
110 http fetch GET 200 https://registry.npmjs.org/playwright-core/-/playwright-core-1.55.0.tgz 235ms (cache miss)
111 info run fsevents@2.3.2 install node_modules/playwright/node_modules/fsevents node-gyp rebuild
112 http fetch GET 200 https://registry.npmjs.org/@eslint%2fplugin-kit 324ms (cache revalidated)
113 silly packumentCache corgi:https://registry.npmjs.org/@eslint%2fplugin-kit set size:13841 disposed:false
114 info run fsevents@2.3.2 install { code: 1, signal: null }
115 verbose reify failed optional dependency /Users/mohammad/Projects/alfaruq-new-gm/node_modules/playwright/node_modules/fsevents
116 silly reify mark deleted [
116 silly reify   '/Users/mohammad/Projects/alfaruq-new-gm/node_modules/playwright/node_modules/fsevents'
116 silly reify ]
117 http fetch GET 200 https://registry.npmjs.org/next 476ms (cache miss)
118 silly packumentCache corgi:https://registry.npmjs.org/next set size:undefined disposed:false
119 silly packumentCache corgi:https://registry.npmjs.org/eslint cache-miss
120 http fetch GET 200 https://registry.npmjs.org/eslint 77ms (cache updated)
121 silly packumentCache corgi:https://registry.npmjs.org/eslint set size:undefined disposed:false
122 silly packumentCache corgi:https://registry.npmjs.org/minimatch cache-miss
123 http fetch GET 200 https://registry.npmjs.org/minimatch 43ms (cache revalidated)
124 silly packumentCache corgi:https://registry.npmjs.org/minimatch set size:143741 disposed:false
125 silly packumentCache corgi:https://registry.npmjs.org/@eslint-community%2feslint-utils cache-miss
126 silly packumentCache corgi:https://registry.npmjs.org/@typescript-eslint%2feslint-plugin cache-miss
127 silly packumentCache corgi:https://registry.npmjs.org/@typescript-eslint%2fparser cache-miss
128 silly packumentCache corgi:https://registry.npmjs.org/@typescript-eslint%2ftype-utils cache-miss
129 silly packumentCache corgi:https://registry.npmjs.org/@typescript-eslint%2futils cache-miss
130 silly packumentCache corgi:https://registry.npmjs.org/eslint-config-next cache-miss
131 silly packumentCache corgi:https://registry.npmjs.org/eslint-import-resolver-typescript cache-miss
132 silly packumentCache corgi:https://registry.npmjs.org/eslint-plugin-import cache-miss
133 silly packumentCache corgi:https://registry.npmjs.org/eslint-plugin-jsx-a11y cache-miss
134 silly packumentCache corgi:https://registry.npmjs.org/eslint-plugin-react cache-miss
135 silly packumentCache corgi:https://registry.npmjs.org/eslint-plugin-react-hooks cache-miss
136 http fetch GET 200 https://registry.npmjs.org/eslint-import-resolver-typescript 75ms (cache revalidated)
137 silly packumentCache corgi:https://registry.npmjs.org/eslint-import-resolver-typescript set size:138502 disposed:false
138 http fetch GET 200 https://registry.npmjs.org/eslint-plugin-jsx-a11y 114ms (cache revalidated)
139 silly packumentCache corgi:https://registry.npmjs.org/eslint-plugin-jsx-a11y set size:108835 disposed:false
140 http fetch GET 200 https://registry.npmjs.org/eslint-plugin-import 163ms (cache revalidated)
141 silly packumentCache corgi:https://registry.npmjs.org/eslint-plugin-import set size:238396 disposed:false
142 http fetch GET 200 https://registry.npmjs.org/eslint-plugin-react 232ms (cache revalidated)
143 silly packumentCache corgi:https://registry.npmjs.org/eslint-plugin-react set size:309843 disposed:false
144 http fetch GET 200 https://registry.npmjs.org/eslint-plugin-react-hooks 239ms (cache updated)
145 silly packumentCache corgi:https://registry.npmjs.org/eslint-plugin-react-hooks set size:undefined disposed:false
146 http fetch GET 200 https://registry.npmjs.org/@eslint-community%2feslint-utils 266ms (cache updated)
147 silly packumentCache corgi:https://registry.npmjs.org/@eslint-community%2feslint-utils set size:undefined disposed:false
148 http fetch GET 200 https://registry.npmjs.org/eslint-config-next 273ms (cache updated)
149 silly packumentCache corgi:https://registry.npmjs.org/eslint-config-next set size:undefined disposed:false
150 http fetch GET 200 https://registry.npmjs.org/@typescript-eslint%2ftype-utils 396ms (cache updated)
151 silly packumentCache corgi:https://registry.npmjs.org/@typescript-eslint%2ftype-utils set size:undefined disposed:false
152 http fetch GET 200 https://registry.npmjs.org/@typescript-eslint%2futils 472ms (cache updated)
153 silly packumentCache corgi:https://registry.npmjs.org/@typescript-eslint%2futils set size:undefined disposed:false
154 http fetch GET 200 https://registry.npmjs.org/@typescript-eslint%2fparser 661ms (cache updated)
155 silly packumentCache corgi:https://registry.npmjs.org/@typescript-eslint%2fparser set size:undefined disposed:false
156 http fetch GET 200 https://registry.npmjs.org/@typescript-eslint%2feslint-plugin 788ms (cache updated)
157 silly packumentCache corgi:https://registry.npmjs.org/@typescript-eslint%2feslint-plugin set size:undefined disposed:false
158 silly ADD node_modules/playwright-core
159 silly ADD node_modules/playwright
160 silly ADD
161 silly ADD node_modules/@playwright/test
162 silly ADD
163 silly ADD
164 silly ADD
165 silly ADD
166 silly ADD
167 silly ADD
168 silly ADD
169 silly ADD
170 silly ADD
171 silly ADD
172 silly ADD
173 silly ADD
174 silly ADD
175 silly ADD
176 silly ADD
177 silly ADD
178 silly ADD
179 silly ADD
180 silly ADD
181 silly ADD
182 silly ADD
183 silly ADD
184 silly ADD
185 silly ADD
186 silly ADD
187 silly ADD
188 silly ADD
189 silly ADD
190 verbose cwd /Users/mohammad/Projects/alfaruq-new-gm
191 verbose os Darwin 24.6.0
192 verbose node v22.17.1
193 verbose npm  v10.9.2
194 verbose exit 0
195 info ok
