0 verbose cli /usr/local/bin/node /usr/local/lib/node_modules/npm/bin/npm-cli.js
1 info using npm@10.9.2
2 info using node@v22.17.1
3 silly config load:file:/usr/local/lib/node_modules/npm/npmrc
4 silly config load:file:/Users/mohammad/Projects/alfaruq-new-gm/.npmrc
5 silly config load:file:/Users/mohammad/.npmrc
6 silly config load:file:/usr/local/etc/npmrc
7 verbose title npm exec @modelcontextprotocol/server-sqlite /Users/mohammad/Projects/alfaruq-new-gm/prisma/dev.db
8 verbose argv "exec" "--yes" "--" "@modelcontextprotocol/server-sqlite" "/Users/mohammad/Projects/alfaruq-new-gm/prisma/dev.db"
9 verbose logfile logs-max:10 dir:/Users/mohammad/Projects/alfaruq-new-gm/.npm-cache/_logs/2025-09-30T02_41_22_856Z-
10 verbose logfile /Users/mohammad/Projects/alfaruq-new-gm/.npm-cache/_logs/2025-09-30T02_41_22_856Z-debug-0.log
11 silly logfile start cleaning logs, removing 2 files
12 silly logfile done cleaning log files
13 silly packumentCache heap:4345298944 maxSize:1086324736 maxEntrySize:543162368
14 http fetch GET 404 https://registry.npmjs.org/@modelcontextprotocol%2fserver-sqlite 272ms (cache skip)
15 http fetch GET 404 https://registry.npmjs.org/@modelcontextprotocol%2fserver-sqlite 103ms (cache skip)
16 verbose stack HttpErrorGeneral: 404 Not Found - GET https://registry.npmjs.org/@modelcontextprotocol%2fserver-sqlite - Not found
16 verbose stack     at /usr/local/lib/node_modules/npm/node_modules/npm-registry-fetch/lib/check-response.js:103:15
16 verbose stack     at process.processTicksAndRejections (node:internal/process/task_queues:105:5)
16 verbose stack     at async RegistryFetcher.packument (/usr/local/lib/node_modules/npm/node_modules/pacote/lib/registry.js:90:19)
16 verbose stack     at async RegistryFetcher.manifest (/usr/local/lib/node_modules/npm/node_modules/pacote/lib/registry.js:128:23)
16 verbose stack     at async getManifest (/usr/local/lib/node_modules/npm/node_modules/libnpmexec/lib/index.js:27:22)
16 verbose stack     at async missingFromTree (/usr/local/lib/node_modules/npm/node_modules/libnpmexec/lib/index.js:60:22)
16 verbose stack     at async /usr/local/lib/node_modules/npm/node_modules/libnpmexec/lib/index.js:182:32
16 verbose stack     at async Promise.all (index 0)
16 verbose stack     at async exec (/usr/local/lib/node_modules/npm/node_modules/libnpmexec/lib/index.js:180:3)
16 verbose stack     at async Npm.exec (/usr/local/lib/node_modules/npm/lib/npm.js:207:9)
17 verbose statusCode 404
18 verbose pkgid @modelcontextprotocol/server-sqlite@*
19 error code E404
20 error 404 Not Found - GET https://registry.npmjs.org/@modelcontextprotocol%2fserver-sqlite - Not found
21 error 404
22 error 404  '@modelcontextprotocol/server-sqlite@*' is not in this registry.
23 error 404
24 error 404 Note that you can also install from a
25 error 404 tarball, folder, http url, or git url.
26 verbose cwd /Users/mohammad/Projects/alfaruq-new-gm
27 verbose os Darwin 25.0.0
28 verbose node v22.17.1
29 verbose npm  v10.9.2
30 verbose exit 1
31 verbose code 1
32 error A complete log of this run can be found in: /Users/mohammad/Projects/alfaruq-new-gm/.npm-cache/_logs/2025-09-30T02_41_22_856Z-debug-0.log
