0 verbose cli /usr/local/bin/node /usr/local/bin/npm
1 info using npm@10.9.2
2 info using node@v22.17.1
3 silly config load:file:/usr/local/lib/node_modules/npm/npmrc
4 silly config load:file:/Users/mohammad/Projects/alfaruq-new-gm/.npmrc
5 silly config load:file:/Users/mohammad/.npmrc
6 silly config load:file:/usr/local/etc/npmrc
7 verbose title npm install resend
8 verbose argv "install" "resend"
9 verbose logfile logs-max:10 dir:/Users/mohammad/Projects/alfaruq-new-gm/.npm-cache/_logs/2026-01-18T03_49_54_816Z-
10 verbose logfile /Users/mohammad/Projects/alfaruq-new-gm/.npm-cache/_logs/2026-01-18T03_49_54_816Z-debug-0.log
11 silly logfile start cleaning logs, removing 1 files
12 silly packumentCache heap:4345298944 maxSize:1086324736 maxEntrySize:543162368
13 silly logfile done cleaning log files
14 silly idealTree buildDeps
15 silly fetch manifest resend@*
16 silly packumentCache full:https://registry.npmjs.org/resend cache-miss
17 http fetch GET 200 https://registry.npmjs.org/resend 170ms (cache miss)
18 silly packumentCache full:https://registry.npmjs.org/resend set size:undefined disposed:false
19 silly fetch manifest @react-email/render@*
20 silly packumentCache full:https://registry.npmjs.org/@react-email%2frender cache-miss
21 http fetch GET 200 https://registry.npmjs.org/@react-email%2frender 145ms (cache miss)
22 silly packumentCache full:https://registry.npmjs.org/@react-email%2frender set size:undefined disposed:false
23 silly fetch manifest react@^19.1.1
24 silly packumentCache full:https://registry.npmjs.org/react cache-miss
25 http fetch GET 200 https://registry.npmjs.org/react 144ms (cache miss)
26 silly packumentCache full:https://registry.npmjs.org/react set size:undefined disposed:false
27 silly fetch manifest react-dom@^19.1.1
28 silly packumentCache full:https://registry.npmjs.org/react-dom cache-miss
29 http fetch GET 200 https://registry.npmjs.org/react-dom 170ms (cache miss)
30 silly packumentCache full:https://registry.npmjs.org/react-dom set size:undefined disposed:false
31 silly placeDep ROOT resend@6.7.0 OK for: alfaruq-new-gm@0.1.0 want: *
32 silly fetch manifest svix@1.84.1
33 silly packumentCache full:https://registry.npmjs.org/svix cache-miss
34 http fetch GET 200 https://registry.npmjs.org/svix 76ms (cache miss)
35 silly packumentCache full:https://registry.npmjs.org/svix set size:undefined disposed:false
36 silly placeDep ROOT svix@1.84.1 OK for: resend@6.7.0 want: 1.84.1
37 silly fetch manifest standardwebhooks@1.0.0
38 silly packumentCache full:https://registry.npmjs.org/standardwebhooks cache-miss
39 silly fetch manifest uuid@^10.0.0
40 silly packumentCache full:https://registry.npmjs.org/uuid cache-miss
41 http fetch GET 200 https://registry.npmjs.org/standardwebhooks 54ms (cache miss)
42 silly packumentCache full:https://registry.npmjs.org/standardwebhooks set size:undefined disposed:false
43 http fetch GET 200 https://registry.npmjs.org/uuid 136ms (cache miss)
44 silly packumentCache full:https://registry.npmjs.org/uuid set size:undefined disposed:false
45 silly placeDep ROOT standardwebhooks@1.0.0 OK for: svix@1.84.1 want: 1.0.0
46 silly placeDep ROOT uuid@10.0.0 OK for: svix@1.84.1 want: ^10.0.0
47 silly fetch manifest @stablelib/base64@^1.0.0
48 silly packumentCache full:https://registry.npmjs.org/@stablelib%2fbase64 cache-miss
49 silly fetch manifest fast-sha256@^1.3.0
50 silly packumentCache full:https://registry.npmjs.org/fast-sha256 cache-miss
51 http fetch GET 200 https://registry.npmjs.org/fast-sha256 68ms (cache miss)
52 silly packumentCache full:https://registry.npmjs.org/fast-sha256 set size:undefined disposed:false
53 http fetch GET 200 https://registry.npmjs.org/@stablelib%2fbase64 147ms (cache miss)
54 silly packumentCache full:https://registry.npmjs.org/@stablelib%2fbase64 set size:undefined disposed:false
55 silly placeDep ROOT @stablelib/base64@1.0.1 OK for: standardwebhooks@1.0.0 want: ^1.0.0
56 silly placeDep ROOT fast-sha256@1.3.0 OK for: standardwebhooks@1.0.0 want: ^1.3.0
57 silly reify moves {}
58 silly audit bulk request {
58 silly audit   '@alloc/quick-lru': [ '5.2.0' ],
58 silly audit   '@babel/code-frame': [ '7.27.1' ],
58 silly audit   '@babel/helper-validator-identifier': [ '7.27.1' ],
58 silly audit   '@eslint-community/eslint-utils': [ '4.4.1' ],
58 silly audit   'eslint-visitor-keys': [ '3.4.3', '4.2.0' ],
58 silly audit   '@eslint-community/regexpp': [ '4.12.1' ],
58 silly audit   '@eslint/config-array': [ '0.19.2' ],
58 silly audit   '@eslint/core': [ '0.11.0', '0.10.0' ],
58 silly audit   '@eslint/eslintrc': [ '3.2.0' ],
58 silly audit   '@eslint/js': [ '9.20.0' ],
58 silly audit   '@eslint/object-schema': [ '2.1.6' ],
58 silly audit   '@eslint/plugin-kit': [ '0.2.5' ],
58 silly audit   '@humanfs/core': [ '0.19.1' ],
58 silly audit   '@humanfs/node': [ '0.16.6' ],
58 silly audit   '@humanwhocodes/retry': [ '0.3.1', '0.4.1' ],
58 silly audit   '@humanwhocodes/module-importer': [ '1.0.1' ],
58 silly audit   '@img/colour': [ '1.0.0' ],
58 silly audit   '@img/sharp-libvips-linux-ppc64': [ '1.2.4' ],
58 silly audit   '@img/sharp-libvips-linux-riscv64': [ '1.2.4' ],
58 silly audit   '@img/sharp-libvips-linux-s390x': [ '1.2.4' ],
58 silly audit   '@img/sharp-libvips-linuxmusl-arm64': [ '1.2.4' ],
58 silly audit   '@img/sharp-libvips-linuxmusl-x64': [ '1.2.4' ],
58 silly audit   '@img/sharp-linux-ppc64': [ '0.34.5' ],
58 silly audit   '@img/sharp-linux-riscv64': [ '0.34.5' ],
58 silly audit   '@img/sharp-linux-s390x': [ '0.34.5' ],
58 silly audit   '@img/sharp-linuxmusl-x64': [ '0.34.5' ],
58 silly audit   '@img/sharp-win32-arm64': [ '0.34.5' ],
58 silly audit   '@img/sharp-win32-ia32': [ '0.34.5' ],
58 silly audit   '@isaacs/cliui': [ '8.0.2' ],
58 silly audit   '@jridgewell/gen-mapping': [ '0.3.8' ],
58 silly audit   '@jridgewell/resolve-uri': [ '3.1.2' ],
58 silly audit   '@jridgewell/set-array': [ '1.2.1' ],
58 silly audit   '@jridgewell/sourcemap-codec': [ '1.5.0' ],
58 silly audit   '@jridgewell/trace-mapping': [ '0.3.25' ],
58 silly audit   '@next/env': [ '16.0.7' ],
58 silly audit   '@next/eslint-plugin-next': [ '15.4.4' ],
58 silly audit   '@next/swc-darwin-arm64': [ '16.0.7' ],
58 silly audit   '@next/swc-darwin-x64': [ '16.0.7' ],
58 silly audit   '@next/swc-linux-arm64-gnu': [ '16.0.7' ],
58 silly audit   '@next/swc-linux-arm64-musl': [ '16.0.7' ],
58 silly audit   '@next/swc-linux-x64-gnu': [ '16.0.7' ],
58 silly audit   '@next/swc-linux-x64-musl': [ '16.0.7' ],
58 silly audit   '@next/swc-win32-arm64-msvc': [ '16.0.7' ],
58 silly audit   '@next/swc-win32-x64-msvc': [ '16.0.7' ],
58 silly audit   '@nodelib/fs.scandir': [ '2.1.5' ],
58 silly audit   '@nodelib/fs.stat': [ '2.0.5' ],
58 silly audit   '@nodelib/fs.walk': [ '1.2.8' ],
58 silly audit   '@nolyfill/is-core-module': [ '1.0.39' ],
58 silly audit   '@pkgjs/parseargs': [ '0.11.0' ],
58 silly audit   '@playwright/test': [ '1.55.0' ],
58 silly audit   '@prisma/client': [ '6.13.0' ],
58 silly audit   '@prisma/config': [ '6.13.0' ],
58 silly audit   '@prisma/debug': [ '6.13.0' ],
58 silly audit   '@prisma/engines': [ '6.13.0' ],
58 silly audit   '@prisma/engines-version': [ '6.13.0-35.361e86d0ea4987e9f53a565309b3eed797a6bcbd' ],
58 silly audit   '@prisma/fetch-engine': [ '6.13.0' ],
58 silly audit   '@prisma/get-platform': [ '6.13.0' ],
58 silly audit   '@rtsao/scc': [ '1.1.0' ],
58 silly audit   '@rushstack/eslint-patch': [ '1.10.5' ],
58 silly audit   '@standard-schema/spec': [ '1.0.0' ],
58 silly audit   '@swc/helpers': [ '0.5.15' ],
58 silly audit   '@types/estree': [ '1.0.6' ],
58 silly audit   '@types/json-schema': [ '7.0.15' ],
58 silly audit   '@types/json5': [ '0.0.29' ],
58 silly audit   '@types/node': [ '20.17.19' ],
58 silly audit   '@types/normalize-package-data': [ '2.4.4' ],
58 silly audit   '@types/react': [ '19.0.8' ],
58 silly audit   '@types/react-dom': [ '19.0.3' ],
58 silly audit   '@typescript-eslint/eslint-plugin': [ '8.24.0' ],
58 silly audit   '@typescript-eslint/parser': [ '8.24.0' ],
58 silly audit   '@typescript-eslint/scope-manager': [ '8.24.0' ],
58 silly audit   '@typescript-eslint/type-utils': [ '8.24.0' ],
58 silly audit   '@typescript-eslint/types': [ '8.24.0' ],
58 silly audit   '@typescript-eslint/typescript-estree': [ '8.24.0' ],
58 silly audit   'brace-expansion': [ '2.0.1', '1.1.11' ],
58 silly audit   'fast-glob': [ '3.3.3', '3.3.1' ],
58 silly audit   'glob-parent': [ '5.1.2', '6.0.2' ],
58 silly audit   minimatch: [ '9.0.5', '3.1.2' ],
58 silly audit   '@typescript-eslint/utils': [ '8.24.0' ],
58 silly audit   '@typescript-eslint/visitor-keys': [ '8.24.0' ],
58 silly audit   acorn: [ '8.14.0' ],
58 silly audit   'acorn-jsx': [ '5.3.2' ],
58 silly audit   ajv: [ '6.12.6' ],
58 silly audit   'ansi-regex': [ '6.1.0', '5.0.1' ],
58 silly audit   'ansi-styles': [ '4.3.0', '6.2.1' ],
58 silly audit   'any-promise': [ '1.3.0' ],
58 silly audit   anymatch: [ '3.1.3' ],
58 silly audit   arg: [ '5.0.2' ],
58 silly audit   argparse: [ '2.0.1' ],
58 silly audit   'aria-query': [ '5.3.2' ],
58 silly audit   'array-buffer-byte-length': [ '1.0.2' ],
58 silly audit   'array-includes': [ '3.1.8' ],
58 silly audit   'array.prototype.findlast': [ '1.2.5' ],
58 silly audit   'array.prototype.findlastindex': [ '1.2.5' ],
58 silly audit   'array.prototype.flat': [ '1.3.3' ],
58 silly audit   'array.prototype.flatmap': [ '1.3.3' ],
58 silly audit   'array.prototype.tosorted': [ '1.1.4' ],
58 silly audit   'arraybuffer.prototype.slice': [ '1.0.4' ],
58 silly audit   'ast-types-flow': [ '0.0.8' ],
58 silly audit   'async-function': [ '1.0.0' ],
58 silly audit   'available-typed-arrays': [ '1.0.7' ],
58 silly audit   'axe-core': [ '4.10.2' ],
58 silly audit   'axobject-query': [ '4.1.0' ],
58 silly audit   'balanced-match': [ '1.0.2' ],
58 silly audit   bcryptjs: [ '3.0.2' ],
58 silly audit   'binary-extensions': [ '2.3.0' ],
58 silly audit   braces: [ '3.0.3' ],
58 silly audit   c12: [ '3.1.0' ],
58 silly audit   chokidar: [ '4.0.3', '3.6.0' ],
58 silly audit   jiti: [ '2.5.1', '1.21.7' ],
58 silly audit   readdirp: [ '4.1.2', '3.6.0' ],
58 silly audit   'call-bind': [ '1.0.8' ],
58 silly audit   'call-bind-apply-helpers': [ '1.0.2' ],
58 silly audit   'call-bound': [ '1.0.3' ],
58 silly audit   callsites: [ '3.1.0' ],
58 silly audit   'camelcase-css': [ '2.0.1' ],
58 silly audit   'caniuse-lite': [ '1.0.30001699' ],
58 silly audit   chalk: [ '4.1.2' ],
58 silly audit   citty: [ '0.1.6' ],
58 silly audit   'client-only': [ '0.0.1' ],
58 silly audit   cloudinary: [ '2.7.0' ],
58 silly audit   'color-convert': [ '2.0.1' ],
58 silly audit   'color-name': [ '1.1.4' ],
58 silly audit   commander: [ '4.1.1' ],
58 silly audit   'concat-map': [ '0.0.1' ],
58 silly audit   confbox: [ '0.2.2' ],
58 silly audit   consola: [ '3.4.2' ],
58 silly audit   'cross-spawn': [ '7.0.6' ],
58 silly audit   cssesc: [ '3.0.0' ],
58 silly audit   csstype: [ '3.1.3' ],
58 silly audit   'damerau-levenshtein': [ '1.0.8' ],
58 silly audit   'data-view-buffer': [ '1.0.2' ],
58 silly audit   'data-view-byte-length': [ '1.0.2' ],
58 silly audit   'data-view-byte-offset': [ '1.0.1' ],
58 silly audit   debug: [ '4.4.0', '3.2.7' ],
58 silly audit   'deep-is': [ '0.1.4' ],
58 silly audit   'deepmerge-ts': [ '7.1.5' ],
58 silly audit   'define-data-property': [ '1.1.4' ],
58 silly audit   'define-properties': [ '1.2.1' ],
58 silly audit   defu: [ '6.1.4' ],
58 silly audit   destr: [ '2.0.5' ],
58 silly audit   'detect-libc': [ '2.1.2' ],
58 silly audit   didyoumean: [ '1.2.2' ],
58 silly audit   dlv: [ '1.1.3' ],
58 silly audit   doctrine: [ '2.1.0' ],
58 silly audit   dotenv: [ '16.6.1' ],
58 silly audit   'dunder-proto': [ '1.0.1' ],
58 silly audit   eastasianwidth: [ '0.2.0' ],
58 silly audit   effect: [ '3.16.12' ],
58 silly audit   'emoji-regex': [ '9.2.2', '8.0.0' ],
58 silly audit   'enhanced-resolve': [ '5.18.1' ],
58 silly audit   'es-abstract': [ '1.23.9' ],
58 silly audit   'es-define-property': [ '1.0.1' ],
58 silly audit   'es-errors': [ '1.3.0' ],
58 silly audit   'es-iterator-helpers': [ '1.2.1' ],
58 silly audit   'es-object-atoms': [ '1.1.1' ],
58 silly audit   'es-set-tostringtag': [ '2.1.0' ],
58 silly audit   'es-shim-unscopables': [ '1.1.0' ],
58 silly audit   'es-to-primitive': [ '1.3.0' ],
58 silly audit   'escape-string-regexp': [ '4.0.0' ],
58 silly audit   eslint: [ '9.20.1' ],
58 silly audit   'eslint-config-next': [ '15.4.4' ],
58 silly audit   'eslint-import-resolver-node': [ '0.3.9' ],
58 silly audit   'eslint-import-resolver-typescript': [ '3.8.0' ],
58 silly audit   'eslint-module-utils': [ '2.12.0' ],
58 silly audit   'eslint-plugin-import': [ '2.31.0' ],
58 silly audit   semver: [ '6.3.1', '7.7.3' ],
58 silly audit   'eslint-plugin-jsx-a11y': [ '6.10.2' ],
58 silly audit   'eslint-plugin-react': [ '7.37.4' ],
58 silly audit   'eslint-plugin-react-hooks': [ '5.1.0' ],
58 silly audit   resolve: [ '2.0.0-next.5', '1.22.10' ],
58 silly audit   'eslint-scope': [ '8.2.0' ],
58 silly audit   espree: [ '10.3.0' ],
58 silly audit   esquery: [ '1.6.0' ],
58 silly audit   esrecurse: [ '4.3.0' ],
58 silly audit   estraverse: [ '5.3.0' ],
58 silly audit   esutils: [ '2.0.3' ],
58 silly audit   exsolve: [ '1.0.7' ],
58 silly audit   'fast-check': [ '3.23.2' ],
58 silly audit   'fast-deep-equal': [ '3.1.3' ],
58 silly audit   'fast-json-stable-stringify': [ '2.1.0' ],
58 silly audit   'fast-levenshtein': [ '2.0.6' ],
58 silly audit   fastq: [ '1.19.0' ],
58 silly audit   'file-entry-cache': [ '8.0.0' ],
58 silly audit   'fill-range': [ '7.1.1' ],
58 silly audit   'find-up': [ '5.0.0' ],
58 silly audit   'find-up-simple': [ '1.0.1' ],
58 silly audit   'flat-cache': [ '4.0.1' ],
58 silly audit   flatted: [ '3.3.2' ],
58 silly audit   'for-each': [ '0.3.5' ],
58 silly audit   'foreground-child': [ '3.3.0' ],
58 silly audit   'framer-motion': [ '12.5.0' ],
58 silly audit   fsevents: [ '2.3.3', '2.3.2' ],
58 silly audit   'function-bind': [ '1.1.2' ],
58 silly audit   'function.prototype.name': [ '1.1.8' ],
58 silly audit   'functions-have-names': [ '1.2.3' ],
58 silly audit   'get-intrinsic': [ '1.2.7' ],
58 silly audit   'get-proto': [ '1.0.1' ],
58 silly audit   'get-symbol-description': [ '1.1.0' ],
58 silly audit   'get-tsconfig': [ '4.10.0' ],
58 silly audit   giget: [ '2.0.0' ],
58 silly audit   glob: [ '10.4.5' ],
58 silly audit   globals: [ '14.0.0' ],
58 silly audit   globalthis: [ '1.0.4' ],
58 silly audit   gopd: [ '1.2.0' ],
58 silly audit   'graceful-fs': [ '4.2.11' ],
58 silly audit   graphemer: [ '1.4.0' ],
58 silly audit   'has-bigints': [ '1.1.0' ],
58 silly audit   'has-flag': [ '4.0.0' ],
58 silly audit   'has-property-descriptors': [ '1.0.2' ],
58 silly audit   'has-proto': [ '1.2.0' ],
58 silly audit   'has-symbols': [ '1.1.0' ],
58 silly audit   'has-tostringtag': [ '1.0.2' ],
58 silly audit   hasown: [ '2.0.2' ],
58 silly audit   'hijri-date': [ '0.2.2' ],
58 silly audit   'hosted-git-info': [ '7.0.2' ],
58 silly audit   ignore: [ '5.3.2' ],
58 silly audit   'import-fresh': [ '3.3.1' ],
58 silly audit   imurmurhash: [ '0.1.4' ],
58 silly audit   'index-to-position': [ '1.1.0' ],
58 silly audit   'internal-slot': [ '1.1.0' ],
58 silly audit   'is-array-buffer': [ '3.0.5' ],
58 silly audit   'is-async-function': [ '2.1.1' ],
58 silly audit   'is-bigint': [ '1.1.0' ],
58 silly audit   'is-binary-path': [ '2.1.0' ],
58 silly audit   'is-boolean-object': [ '1.2.2' ],
58 silly audit   'is-bun-module': [ '1.3.0' ],
58 silly audit   'is-callable': [ '1.2.7' ],
58 silly audit   'is-core-module': [ '2.16.1' ],
58 silly audit   'is-data-view': [ '1.0.2' ],
58 silly audit   'is-date-object': [ '1.1.0' ],
58 silly audit   'is-extglob': [ '2.1.1' ],
58 silly audit   'is-finalizationregistry': [ '1.1.1' ],
58 silly audit   'is-fullwidth-code-point': [ '3.0.0' ],
58 silly audit   'is-generator-function': [ '1.1.0' ],
58 silly audit   'is-glob': [ '4.0.3' ],
58 silly audit   'is-map': [ '2.0.3' ],
58 silly audit   'is-number': [ '7.0.0' ],
58 silly audit   'is-number-object': [ '1.1.1' ],
58 silly audit   'is-regex': [ '1.2.1' ],
58 silly audit   'is-set': [ '2.0.3' ],
58 silly audit   'is-shared-array-buffer': [ '1.0.4' ],
58 silly audit   'is-string': [ '1.1.1' ],
58 silly audit   'is-symbol': [ '1.1.1' ],
58 silly audit   'is-typed-array': [ '1.1.15' ],
58 silly audit   'is-weakmap': [ '2.0.2' ],
58 silly audit   'is-weakref': [ '1.1.1' ],
58 silly audit   'is-weakset': [ '2.0.4' ],
58 silly audit   isarray: [ '2.0.5' ],
58 silly audit   isexe: [ '2.0.0' ],
58 silly audit   'iterator.prototype': [ '1.1.5' ],
58 silly audit   jackspeak: [ '3.4.3' ],
58 silly audit   'js-tokens': [ '4.0.0' ],
58 silly audit   'js-yaml': [ '4.1.0' ],
58 silly audit   'json-buffer': [ '3.0.1' ],
58 silly audit   'json-schema-traverse': [ '0.4.1' ],
58 silly audit   'json-stable-stringify-without-jsonify': [ '1.0.1' ],
58 silly audit   json5: [ '1.0.2' ],
58 silly audit   'jsx-ast-utils': [ '3.3.5' ],
58 silly audit   keyv: [ '4.5.4' ],
58 silly audit   'language-subtag-registry': [ '0.3.23' ],
58 silly audit   'language-tags': [ '1.0.9' ],
58 silly audit   levn: [ '0.4.1' ],
58 silly audit   lilconfig: [ '3.1.3' ],
58 silly audit   'lines-and-columns': [ '1.2.4' ],
58 silly audit   'locate-path': [ '6.0.0' ],
58 silly audit   lodash: [ '4.17.21' ],
58 silly audit   'lodash.merge': [ '4.6.2' ],
58 silly audit   'loose-envify': [ '1.4.0' ],
58 silly audit   'lru-cache': [ '10.4.3' ],
58 silly audit   'lucide-react': [ '0.475.0' ],
58 silly audit   'math-intrinsics': [ '1.1.0' ],
58 silly audit   merge2: [ '1.4.1' ],
58 silly audit   micromatch: [ '4.0.8' ],
58 silly audit   minimist: [ '1.2.8' ],
58 silly audit   minipass: [ '7.1.2' ],
58 silly audit   'motion-dom': [ '12.5.0' ],
58 silly audit   'motion-utils': [ '12.5.0' ],
58 silly audit   ms: [ '2.1.3' ],
58 silly audit   mz: [ '2.7.0' ],
58 silly audit   nanoid: [ '3.3.8' ],
58 silly audit   'natural-compare': [ '1.4.0' ],
58 silly audit   next: [ '16.0.7' ],
58 silly audit   postcss: [ '8.4.31', '8.5.2' ],
58 silly audit   'node-fetch-native': [ '1.6.7' ],
58 silly audit   'normalize-package-data': [ '6.0.2' ],
58 silly audit   'normalize-path': [ '3.0.0' ],
58 silly audit   nypm: [ '0.6.1' ],
58 silly audit   'object-assign': [ '4.1.1' ],
58 silly audit   'object-hash': [ '3.0.0' ],
58 silly audit   'object-inspect': [ '1.13.4' ],
58 silly audit   'object-keys': [ '1.1.1' ],
58 silly audit   'object.assign': [ '4.1.7' ],
58 silly audit   'object.entries': [ '1.1.8' ],
58 silly audit   'object.fromentries': [ '2.0.8' ],
58 silly audit   'object.groupby': [ '1.0.3' ],
58 silly audit   'object.values': [ '1.2.1' ],
58 silly audit   ohash: [ '2.0.11' ],
58 silly audit   optionator: [ '0.9.4' ],
58 silly audit   'own-keys': [ '1.0.1' ],
58 silly audit   'p-limit': [ '3.1.0' ],
58 silly audit   'p-locate': [ '5.0.0' ],
58 silly audit   'package-json-from-dist': [ '1.0.1' ],
58 silly audit   'parent-module': [ '1.0.1' ],
58 silly audit   'parse-json': [ '8.3.0' ],
58 silly audit   'path-exists': [ '4.0.0' ],
58 silly audit   'path-key': [ '3.1.1' ],
58 silly audit   'path-parse': [ '1.0.7' ],
58 silly audit   'path-scurry': [ '1.11.1' ],
58 silly audit   pathe: [ '2.0.3' ],
58 silly audit   'perfect-debounce': [ '1.0.0' ],
58 silly audit   picocolors: [ '1.1.1' ],
58 silly audit   picomatch: [ '2.3.1', '4.0.2' ],
58 silly audit   pify: [ '2.3.0' ],
58 silly audit   pirates: [ '4.0.6' ],
58 silly audit   'pkg-types': [ '2.2.0' ],
58 silly audit   playwright: [ '1.55.0' ],
58 silly audit   'playwright-core': [ '1.55.0' ],
58 silly audit   'possible-typed-array-names': [ '1.1.0' ],
58 silly audit   'postcss-import': [ '15.1.0' ],
58 silly audit   'postcss-js': [ '4.0.1' ],
58 silly audit   'postcss-load-config': [ '4.0.2' ],
58 silly audit   'postcss-nested': [ '6.2.0' ],
58 silly audit   'postcss-selector-parser': [ '6.1.2' ],
58 silly audit   'postcss-value-parser': [ '4.2.0' ],
58 silly audit   'prelude-ls': [ '1.2.1' ],
58 silly audit   prisma: [ '6.13.0' ],
58 silly audit   'prop-types': [ '15.8.1' ],
58 silly audit   punycode: [ '2.3.1' ],
58 silly audit   'pure-rand': [ '6.1.0' ],
58 silly audit   q: [ '1.5.1' ],
58 silly audit   'queue-microtask': [ '1.2.3' ],
58 silly audit   rc9: [ '2.1.2' ],
58 silly audit   react: [ '19.1.1' ],
58 silly audit   'react-dom': [ '19.1.1' ],
58 silly audit   'react-is': [ '16.13.1' ],
58 silly audit   'read-cache': [ '1.0.0' ],
58 silly audit   'read-package-up': [ '11.0.0' ],
58 silly audit   'read-pkg': [ '9.0.1' ],
58 silly audit   'reflect.getprototypeof': [ '1.0.10' ],
58 silly audit   'regexp.prototype.flags': [ '1.5.4' ],
58 silly audit   'resolve-from': [ '4.0.0' ],
58 silly audit   'resolve-pkg-maps': [ '1.0.0' ],
58 silly audit   reusify: [ '1.0.4' ],
58 silly audit   'run-parallel': [ '1.2.0' ],
58 silly audit   'safe-array-concat': [ '1.1.3' ],
58 silly audit   'safe-push-apply': [ '1.0.0' ],
58 silly audit   'safe-regex-test': [ '1.1.0' ],
58 silly audit   scheduler: [ '0.26.0' ],
58 silly audit   'set-function-length': [ '1.2.2' ],
58 silly audit   'set-function-name': [ '2.0.2' ],
58 silly audit   'set-proto': [ '1.0.0' ],
58 silly audit   sharp: [ '0.34.5' ],
58 silly audit   'shebang-command': [ '2.0.0' ],
58 silly audit   'shebang-regex': [ '3.0.0' ],
58 silly audit   'side-channel': [ '1.1.0' ],
58 silly audit   'side-channel-list': [ '1.0.0' ],
58 silly audit   'side-channel-map': [ '1.0.1' ],
58 silly audit   'side-channel-weakmap': [ '1.0.2' ],
58 silly audit   'signal-exit': [ '4.1.0' ],
58 silly audit   'source-map-js': [ '1.2.1' ],
58 silly audit   'spdx-correct': [ '3.2.0' ],
58 silly audit   'spdx-exceptions': [ '2.5.0' ],
58 silly audit   'spdx-expression-parse': [ '3.0.1' ],
58 silly audit   'spdx-license-ids': [ '3.0.22' ],
58 silly audit   'stable-hash': [ '0.0.4' ],
58 silly audit   'string-width': [ '5.1.2', '4.2.3' ],
58 silly audit   'strip-ansi': [ '6.0.1', '7.1.0' ],
58 silly audit   'string.prototype.includes': [ '2.0.1' ],
58 silly audit   'string.prototype.matchall': [ '4.0.12' ],
58 silly audit   'string.prototype.repeat': [ '1.0.0' ],
58 silly audit   'string.prototype.trim': [ '1.2.10' ],
58 silly audit   'string.prototype.trimend': [ '1.0.9' ],
58 silly audit   'string.prototype.trimstart': [ '1.0.8' ],
58 silly audit   'strip-bom': [ '3.0.0' ],
58 silly audit   'strip-json-comments': [ '3.1.1' ],
58 silly audit   'styled-jsx': [ '5.1.6' ],
58 silly audit   sucrase: [ '3.35.0' ],
58 silly audit   'supports-color': [ '7.2.0' ],
58 silly audit   'supports-preserve-symlinks-flag': [ '1.0.0' ],
58 silly audit   tailwindcss: [ '3.4.17' ],
58 silly audit   tapable: [ '2.2.1' ],
58 silly audit   thenify: [ '3.3.1' ],
58 silly audit   'thenify-all': [ '1.6.0' ],
58 silly audit   tinyexec: [ '1.0.1' ],
58 silly audit   tinyglobby: [ '0.2.10' ],
58 silly audit   fdir: [ '6.4.3' ],
58 silly audit   'to-regex-range': [ '5.0.1' ],
58 silly audit   'ts-api-utils': [ '2.0.1' ],
58 silly audit   'ts-interface-checker': [ '0.1.13' ],
58 silly audit   'tsconfig-paths': [ '3.15.0' ],
58 silly audit   tslib: [ '2.8.1' ],
58 silly audit   'type-check': [ '0.4.0' ],
58 silly audit   'type-fest': [ '4.41.0' ],
58 silly audit   'typed-array-buffer': [ '1.0.3' ],
58 silly audit   'typed-array-byte-length': [ '1.0.3' ],
58 silly audit   'typed-array-byte-offset': [ '1.0.4' ],
58 silly audit   'typed-array-length': [ '1.0.7' ],
58 silly audit   typescript: [ '5.7.3' ],
58 silly audit   'unbox-primitive': [ '1.1.0' ],
58 silly audit   'undici-types': [ '6.19.8' ],
58 silly audit   'unicorn-magic': [ '0.1.0' ],
58 silly audit   'uri-js': [ '4.4.1' ],
58 silly audit   'util-deprecate': [ '1.0.2' ],
58 silly audit   'validate-npm-package-license': [ '3.0.4' ],
58 silly audit   which: [ '2.0.2' ],
58 silly audit   'which-boxed-primitive': [ '1.1.1' ],
58 silly audit   'which-builtin-type': [ '1.2.1' ],
58 silly audit   'which-collection': [ '1.0.2' ],
58 silly audit   'which-typed-array': [ '1.1.18' ],
58 silly audit   'word-wrap': [ '1.2.5' ],
58 silly audit   'wrap-ansi': [ '8.1.0', '7.0.0' ],
58 silly audit   yaml: [ '2.7.0' ],
58 silly audit   'yocto-queue': [ '0.1.0' ],
58 silly audit   resend: [ '6.7.0' ],
58 silly audit   svix: [ '1.84.1' ],
58 silly audit   standardwebhooks: [ '1.0.0' ],
58 silly audit   uuid: [ '10.0.0' ],
58 silly audit   '@stablelib/base64': [ '1.0.1' ],
58 silly audit   'fast-sha256': [ '1.3.0' ]
58 silly audit }
59 verbose reify failed optional dependency /Users/mohammad/Projects/alfaruq-new-gm/node_modules/@next/swc-win32-x64-msvc
60 silly reify mark deleted [
60 silly reify   '/Users/mohammad/Projects/alfaruq-new-gm/node_modules/@next/swc-win32-x64-msvc'
60 silly reify ]
61 verbose reify failed optional dependency /Users/mohammad/Projects/alfaruq-new-gm/node_modules/@next/swc-win32-arm64-msvc
62 silly reify mark deleted [
62 silly reify   '/Users/mohammad/Projects/alfaruq-new-gm/node_modules/@next/swc-win32-arm64-msvc'
62 silly reify ]
63 verbose reify failed optional dependency /Users/mohammad/Projects/alfaruq-new-gm/node_modules/@next/swc-linux-x64-musl
64 silly reify mark deleted [
64 silly reify   '/Users/mohammad/Projects/alfaruq-new-gm/node_modules/@next/swc-linux-x64-musl'
64 silly reify ]
65 verbose reify failed optional dependency /Users/mohammad/Projects/alfaruq-new-gm/node_modules/@next/swc-linux-x64-gnu
66 silly reify mark deleted [
66 silly reify   '/Users/mohammad/Projects/alfaruq-new-gm/node_modules/@next/swc-linux-x64-gnu'
66 silly reify ]
67 verbose reify failed optional dependency /Users/mohammad/Projects/alfaruq-new-gm/node_modules/@next/swc-linux-arm64-musl
68 silly reify mark deleted [
68 silly reify   '/Users/mohammad/Projects/alfaruq-new-gm/node_modules/@next/swc-linux-arm64-musl'
68 silly reify ]
69 verbose reify failed optional dependency /Users/mohammad/Projects/alfaruq-new-gm/node_modules/@next/swc-linux-arm64-gnu
70 silly reify mark deleted [
70 silly reify   '/Users/mohammad/Projects/alfaruq-new-gm/node_modules/@next/swc-linux-arm64-gnu'
70 silly reify ]
71 verbose reify failed optional dependency /Users/mohammad/Projects/alfaruq-new-gm/node_modules/@next/swc-darwin-x64
72 silly reify mark deleted [
72 silly reify   '/Users/mohammad/Projects/alfaruq-new-gm/node_modules/@next/swc-darwin-x64'
72 silly reify ]
73 verbose reify failed optional dependency /Users/mohammad/Projects/alfaruq-new-gm/node_modules/@img/sharp-win32-ia32
74 silly reify mark deleted [
74 silly reify   '/Users/mohammad/Projects/alfaruq-new-gm/node_modules/@img/sharp-win32-ia32'
74 silly reify ]
75 verbose reify failed optional dependency /Users/mohammad/Projects/alfaruq-new-gm/node_modules/@img/sharp-win32-arm64
76 silly reify mark deleted [
76 silly reify   '/Users/mohammad/Projects/alfaruq-new-gm/node_modules/@img/sharp-win32-arm64'
76 silly reify ]
77 verbose reify failed optional dependency /Users/mohammad/Projects/alfaruq-new-gm/node_modules/@img/sharp-linuxmusl-x64
78 silly reify mark deleted [
78 silly reify   '/Users/mohammad/Projects/alfaruq-new-gm/node_modules/@img/sharp-linuxmusl-x64'
78 silly reify ]
79 verbose reify failed optional dependency /Users/mohammad/Projects/alfaruq-new-gm/node_modules/@img/sharp-linux-s390x
80 silly reify mark deleted [
80 silly reify   '/Users/mohammad/Projects/alfaruq-new-gm/node_modules/@img/sharp-linux-s390x'
80 silly reify ]
81 verbose reify failed optional dependency /Users/mohammad/Projects/alfaruq-new-gm/node_modules/@img/sharp-linux-riscv64
82 silly reify mark deleted [
82 silly reify   '/Users/mohammad/Projects/alfaruq-new-gm/node_modules/@img/sharp-linux-riscv64'
82 silly reify ]
83 verbose reify failed optional dependency /Users/mohammad/Projects/alfaruq-new-gm/node_modules/@img/sharp-linux-ppc64
84 silly reify mark deleted [
84 silly reify   '/Users/mohammad/Projects/alfaruq-new-gm/node_modules/@img/sharp-linux-ppc64'
84 silly reify ]
85 verbose reify failed optional dependency /Users/mohammad/Projects/alfaruq-new-gm/node_modules/@img/sharp-libvips-linuxmusl-x64
86 silly reify mark deleted [
86 silly reify   '/Users/mohammad/Projects/alfaruq-new-gm/node_modules/@img/sharp-libvips-linuxmusl-x64'
86 silly reify ]
87 verbose reify failed optional dependency /Users/mohammad/Projects/alfaruq-new-gm/node_modules/@img/sharp-libvips-linuxmusl-arm64
88 silly reify mark deleted [
88 silly reify   '/Users/mohammad/Projects/alfaruq-new-gm/node_modules/@img/sharp-libvips-linuxmusl-arm64'
88 silly reify ]
89 verbose reify failed optional dependency /Users/mohammad/Projects/alfaruq-new-gm/node_modules/@img/sharp-libvips-linux-s390x
90 silly reify mark deleted [
90 silly reify   '/Users/mohammad/Projects/alfaruq-new-gm/node_modules/@img/sharp-libvips-linux-s390x'
90 silly reify ]
91 verbose reify failed optional dependency /Users/mohammad/Projects/alfaruq-new-gm/node_modules/@img/sharp-libvips-linux-riscv64
92 silly reify mark deleted [
92 silly reify   '/Users/mohammad/Projects/alfaruq-new-gm/node_modules/@img/sharp-libvips-linux-riscv64'
92 silly reify ]
93 verbose reify failed optional dependency /Users/mohammad/Projects/alfaruq-new-gm/node_modules/@img/sharp-libvips-linux-ppc64
94 silly reify mark deleted [
94 silly reify   '/Users/mohammad/Projects/alfaruq-new-gm/node_modules/@img/sharp-libvips-linux-ppc64'
94 silly reify ]
95 http cache fast-sha256@https://registry.npmjs.org/fast-sha256/-/fast-sha256-1.3.0.tgz 0ms (cache hit)
96 http cache @stablelib/base64@https://registry.npmjs.org/@stablelib/base64/-/base64-1.0.1.tgz 0ms (cache hit)
97 http cache uuid@https://registry.npmjs.org/uuid/-/uuid-10.0.0.tgz 0ms (cache hit)
98 http cache svix@https://registry.npmjs.org/svix/-/svix-1.84.1.tgz 0ms (cache hit)
99 http cache resend@https://registry.npmjs.org/resend/-/resend-6.7.0.tgz 0ms (cache hit)
100 http cache sharp@https://registry.npmjs.org/sharp/-/sharp-0.34.5.tgz 0ms (cache hit)
101 http cache standardwebhooks@https://registry.npmjs.org/standardwebhooks/-/standardwebhooks-1.0.0.tgz 0ms (cache hit)
102 http cache @img/colour@https://registry.npmjs.org/@img/colour/-/colour-1.0.0.tgz 0ms (cache hit)
103 http cache detect-libc@https://registry.npmjs.org/detect-libc/-/detect-libc-2.1.2.tgz 0ms (cache hit)
104 silly tarball no local data for fast-sha256@https://registry.npmjs.org/fast-sha256/-/fast-sha256-1.3.0.tgz. Extracting by manifest.
105 silly tarball no local data for @stablelib/base64@https://registry.npmjs.org/@stablelib/base64/-/base64-1.0.1.tgz. Extracting by manifest.
106 silly tarball no local data for uuid@https://registry.npmjs.org/uuid/-/uuid-10.0.0.tgz. Extracting by manifest.
107 silly tarball no local data for svix@https://registry.npmjs.org/svix/-/svix-1.84.1.tgz. Extracting by manifest.
108 silly tarball no local data for resend@https://registry.npmjs.org/resend/-/resend-6.7.0.tgz. Extracting by manifest.
109 silly tarball no local data for sharp@https://registry.npmjs.org/sharp/-/sharp-0.34.5.tgz. Extracting by manifest.
110 silly tarball no local data for standardwebhooks@https://registry.npmjs.org/standardwebhooks/-/standardwebhooks-1.0.0.tgz. Extracting by manifest.
111 silly tarball no local data for @img/colour@https://registry.npmjs.org/@img/colour/-/colour-1.0.0.tgz. Extracting by manifest.
112 silly tarball no local data for detect-libc@https://registry.npmjs.org/detect-libc/-/detect-libc-2.1.2.tgz. Extracting by manifest.
113 http fetch GET 200 https://registry.npmjs.org/fast-sha256/-/fast-sha256-1.3.0.tgz 59ms (cache miss)
114 http fetch POST 200 https://registry.npmjs.org/-/npm/v1/security/advisories/bulk 93ms
115 silly audit report {
115 silly audit report   '@eslint/plugin-kit': [
115 silly audit report     {
115 silly audit report       id: 1106734,
115 silly audit report       url: 'https://github.com/advisories/GHSA-xffm-g5w8-qvg7',
115 silly audit report       title: '@eslint/plugin-kit is vulnerable to Regular Expression Denial of Service attacks through ConfigCommentParser',
115 silly audit report       severity: 'low',
115 silly audit report       vulnerable_versions: '<0.3.4',
115 silly audit report       cwe: [Array],
115 silly audit report       cvss: [Object]
115 silly audit report     }
115 silly audit report   ],
115 silly audit report   'brace-expansion': [
115 silly audit report     {
115 silly audit report       id: 1105443,
115 silly audit report       url: 'https://github.com/advisories/GHSA-v6h2-p8h4-qcjw',
115 silly audit report       title: 'brace-expansion Regular Expression Denial of Service vulnerability',
115 silly audit report       severity: 'low',
115 silly audit report       vulnerable_versions: '>=1.0.0 <=1.1.11',
115 silly audit report       cwe: [Array],
115 silly audit report       cvss: [Object]
115 silly audit report     },
115 silly audit report     {
115 silly audit report       id: 1105444,
115 silly audit report       url: 'https://github.com/advisories/GHSA-v6h2-p8h4-qcjw',
115 silly audit report       title: 'brace-expansion Regular Expression Denial of Service vulnerability',
115 silly audit report       severity: 'low',
115 silly audit report       vulnerable_versions: '>=2.0.0 <=2.0.1',
115 silly audit report       cwe: [Array],
115 silly audit report       cvss: [Object]
115 silly audit report     }
115 silly audit report   ],
115 silly audit report   glob: [
115 silly audit report     {
115 silly audit report       id: 1109842,
115 silly audit report       url: 'https://github.com/advisories/GHSA-5j98-mcp5-4vw2',
115 silly audit report       title: 'glob CLI: Command injection via -c/--cmd executes matches with shell:true',
115 silly audit report       severity: 'high',
115 silly audit report       vulnerable_versions: '>=10.2.0 <10.5.0',
115 silly audit report       cwe: [Array],
115 silly audit report       cvss: [Object]
115 silly audit report     }
115 silly audit report   ],
115 silly audit report   'js-yaml': [
115 silly audit report     {
115 silly audit report       id: 1109802,
115 silly audit report       url: 'https://github.com/advisories/GHSA-mh29-5h37-fv8m',
115 silly audit report       title: 'js-yaml has prototype pollution in merge (<<)',
115 silly audit report       severity: 'moderate',
115 silly audit report       vulnerable_versions: '>=4.0.0 <4.1.1',
115 silly audit report       cwe: [Array],
115 silly audit report       cvss: [Object]
115 silly audit report     }
115 silly audit report   ],
115 silly audit report   next: [
115 silly audit report     {
115 silly audit report       id: 1111374,
115 silly audit report       url: 'https://github.com/advisories/GHSA-w37m-7fhw-fmv9',
115 silly audit report       title: 'Next Server Actions Source Code Exposure ',
115 silly audit report       severity: 'moderate',
115 silly audit report       vulnerable_versions: '>=16.0.0-beta.0 <16.0.9',
115 silly audit report       cwe: [Array],
115 silly audit report       cvss: [Object]
115 silly audit report     },
115 silly audit report     {
115 silly audit report       id: 1111383,
115 silly audit report       url: 'https://github.com/advisories/GHSA-mwv6-3258-q52c',
115 silly audit report       title: 'Next Vulnerable to Denial of Service with Server Components',
115 silly audit report       severity: 'high',
115 silly audit report       vulnerable_versions: '>=16.0.0-beta.0 <16.0.9',
115 silly audit report       cwe: [Array],
115 silly audit report       cvss: [Object]
115 silly audit report     }
115 silly audit report   ],
115 silly audit report   playwright: [
115 silly audit report     {
115 silly audit report       id: 1109208,
115 silly audit report       url: 'https://github.com/advisories/GHSA-7mvr-c777-76hp',
115 silly audit report       title: 'Playwright downloads and installs browsers without verifying the authenticity of the SSL certificate',
115 silly audit report       severity: 'high',
115 silly audit report       vulnerable_versions: '<1.55.1',
115 silly audit report       cwe: [Array],
115 silly audit report       cvss: [Object]
115 silly audit report     }
115 silly audit report   ]
115 silly audit report }
116 silly packumentCache corgi:https://registry.npmjs.org/@eslint%2fplugin-kit cache-miss
117 silly packumentCache corgi:https://registry.npmjs.org/brace-expansion cache-miss
118 silly packumentCache corgi:https://registry.npmjs.org/glob cache-miss
119 silly packumentCache corgi:https://registry.npmjs.org/js-yaml cache-miss
120 silly packumentCache corgi:https://registry.npmjs.org/next cache-miss
121 silly packumentCache corgi:https://registry.npmjs.org/playwright cache-miss
122 http fetch GET 200 https://registry.npmjs.org/@img/colour/-/colour-1.0.0.tgz 142ms (cache miss)
123 http fetch GET 200 https://registry.npmjs.org/js-yaml 59ms (cache miss)
124 silly packumentCache corgi:https://registry.npmjs.org/js-yaml set size:undefined disposed:false
125 http fetch GET 200 https://registry.npmjs.org/brace-expansion 66ms (cache revalidated)
126 silly packumentCache corgi:https://registry.npmjs.org/brace-expansion set size:16192 disposed:false
127 http fetch GET 200 https://registry.npmjs.org/sharp/-/sharp-0.34.5.tgz 161ms (cache miss)
128 http fetch GET 200 https://registry.npmjs.org/detect-libc/-/detect-libc-2.1.2.tgz 164ms (cache miss)
129 http fetch GET 200 https://registry.npmjs.org/standardwebhooks/-/standardwebhooks-1.0.0.tgz 167ms (cache miss)
130 http fetch GET 200 https://registry.npmjs.org/resend/-/resend-6.7.0.tgz 169ms (cache miss)
131 http fetch GET 200 https://registry.npmjs.org/uuid/-/uuid-10.0.0.tgz 172ms (cache miss)
132 http fetch GET 200 https://registry.npmjs.org/@stablelib/base64/-/base64-1.0.1.tgz 177ms (cache miss)
133 http fetch GET 200 https://registry.npmjs.org/svix/-/svix-1.84.1.tgz 225ms (cache miss)
134 info run sharp@0.34.5 install node_modules/sharp node install/check.js || npm run build
135 http fetch GET 200 https://registry.npmjs.org/glob 172ms (cache miss)
136 silly packumentCache corgi:https://registry.npmjs.org/glob set size:undefined disposed:false
137 http fetch GET 200 https://registry.npmjs.org/@eslint%2fplugin-kit 241ms (cache updated)
138 silly packumentCache corgi:https://registry.npmjs.org/@eslint%2fplugin-kit set size:undefined disposed:false
139 http fetch GET 200 https://registry.npmjs.org/playwright 360ms (cache miss)
140 silly packumentCache corgi:https://registry.npmjs.org/playwright set size:undefined disposed:false
141 http fetch GET 200 https://registry.npmjs.org/next 507ms (cache updated)
142 silly packumentCache corgi:https://registry.npmjs.org/next set size:undefined disposed:false
143 info run sharp@0.34.5 install { code: 0, signal: null }
144 silly packumentCache corgi:https://registry.npmjs.org/eslint cache-miss
145 http fetch GET 200 https://registry.npmjs.org/eslint 103ms (cache updated)
146 silly packumentCache corgi:https://registry.npmjs.org/eslint set size:undefined disposed:false
147 silly packumentCache corgi:https://registry.npmjs.org/minimatch cache-miss
148 http fetch GET 200 https://registry.npmjs.org/minimatch 52ms (cache updated)
149 silly packumentCache corgi:https://registry.npmjs.org/minimatch set size:undefined disposed:false
150 silly packumentCache corgi:https://registry.npmjs.org/sucrase cache-miss
151 http fetch GET 200 https://registry.npmjs.org/sucrase 53ms (cache miss)
152 silly packumentCache corgi:https://registry.npmjs.org/sucrase set size:undefined disposed:false
153 silly packumentCache corgi:https://registry.npmjs.org/@eslint%2feslintrc cache-miss
154 http fetch GET 200 https://registry.npmjs.org/@eslint%2feslintrc 236ms (cache miss)
155 silly packumentCache corgi:https://registry.npmjs.org/@eslint%2feslintrc set size:undefined disposed:false
156 silly packumentCache corgi:https://registry.npmjs.org/@playwright%2ftest cache-miss
157 http fetch GET 200 https://registry.npmjs.org/@playwright%2ftest 178ms (cache miss)
158 silly packumentCache corgi:https://registry.npmjs.org/@playwright%2ftest set size:undefined disposed:false
159 silly packumentCache corgi:https://registry.npmjs.org/@eslint-community%2feslint-utils cache-miss
160 silly packumentCache corgi:https://registry.npmjs.org/@typescript-eslint%2feslint-plugin cache-miss
161 silly packumentCache corgi:https://registry.npmjs.org/@typescript-eslint%2fparser cache-miss
162 silly packumentCache corgi:https://registry.npmjs.org/@typescript-eslint%2ftype-utils cache-miss
163 silly packumentCache corgi:https://registry.npmjs.org/@typescript-eslint%2futils cache-miss
164 silly packumentCache corgi:https://registry.npmjs.org/eslint-config-next cache-miss
165 silly packumentCache corgi:https://registry.npmjs.org/eslint-import-resolver-typescript cache-miss
166 silly packumentCache corgi:https://registry.npmjs.org/eslint-plugin-import cache-miss
167 silly packumentCache corgi:https://registry.npmjs.org/eslint-plugin-jsx-a11y cache-miss
168 silly packumentCache corgi:https://registry.npmjs.org/eslint-plugin-react cache-miss
169 silly packumentCache corgi:https://registry.npmjs.org/eslint-plugin-react-hooks cache-miss
170 http fetch GET 200 https://registry.npmjs.org/eslint-plugin-jsx-a11y 65ms (cache revalidated)
171 silly packumentCache corgi:https://registry.npmjs.org/eslint-plugin-jsx-a11y set size:108835 disposed:false
172 http fetch GET 200 https://registry.npmjs.org/eslint-import-resolver-typescript 71ms (cache revalidated)
173 silly packumentCache corgi:https://registry.npmjs.org/eslint-import-resolver-typescript set size:138502 disposed:false
174 http fetch GET 200 https://registry.npmjs.org/eslint-plugin-import 75ms (cache revalidated)
175 silly packumentCache corgi:https://registry.npmjs.org/eslint-plugin-import set size:238396 disposed:false
176 http fetch GET 200 https://registry.npmjs.org/eslint-plugin-react 84ms (cache revalidated)
177 silly packumentCache corgi:https://registry.npmjs.org/eslint-plugin-react set size:309843 disposed:false
178 http fetch GET 200 https://registry.npmjs.org/eslint-config-next 104ms (cache updated)
179 silly packumentCache corgi:https://registry.npmjs.org/eslint-config-next set size:undefined disposed:false
180 http fetch GET 200 https://registry.npmjs.org/@eslint-community%2feslint-utils 142ms (cache updated)
181 silly packumentCache corgi:https://registry.npmjs.org/@eslint-community%2feslint-utils set size:undefined disposed:false
182 http fetch GET 200 https://registry.npmjs.org/eslint-plugin-react-hooks 149ms (cache updated)
183 silly packumentCache corgi:https://registry.npmjs.org/eslint-plugin-react-hooks set size:undefined disposed:false
184 http fetch GET 200 https://registry.npmjs.org/@typescript-eslint%2futils 238ms (cache updated)
185 silly packumentCache corgi:https://registry.npmjs.org/@typescript-eslint%2futils set size:undefined disposed:false
186 http fetch GET 200 https://registry.npmjs.org/@typescript-eslint%2ftype-utils 272ms (cache updated)
187 silly packumentCache corgi:https://registry.npmjs.org/@typescript-eslint%2ftype-utils set size:undefined disposed:false
188 http fetch GET 200 https://registry.npmjs.org/@typescript-eslint%2fparser 325ms (cache updated)
189 silly packumentCache corgi:https://registry.npmjs.org/@typescript-eslint%2fparser set size:undefined disposed:false
190 http fetch GET 200 https://registry.npmjs.org/@typescript-eslint%2feslint-plugin 400ms (cache updated)
191 silly packumentCache corgi:https://registry.npmjs.org/@typescript-eslint%2feslint-plugin set size:undefined disposed:false
192 silly ADD node_modules/fast-sha256
193 silly ADD node_modules/@stablelib/base64
194 silly ADD node_modules/uuid
195 silly ADD node_modules/standardwebhooks
196 silly ADD node_modules/svix
197 silly ADD node_modules/resend
198 silly ADD node_modules/sharp
199 silly ADD node_modules/detect-libc
200 silly ADD
201 silly ADD
202 silly ADD
203 silly ADD
204 silly ADD
205 silly ADD
206 silly ADD
207 silly ADD
208 silly ADD
209 silly ADD
210 silly ADD
211 silly ADD
212 silly ADD
213 silly ADD
214 silly ADD
215 silly ADD
216 silly ADD
217 silly ADD
218 silly ADD node_modules/@img/colour
219 verbose cwd /Users/mohammad/Projects/alfaruq-new-gm
220 verbose os Darwin 25.2.0
221 verbose node v22.17.1
222 verbose npm  v10.9.2
223 verbose exit 0
224 info ok
