0 verbose cli /usr/local/bin/node /usr/local/bin/npm
1 info using npm@10.9.2
2 info using node@v22.17.1
3 silly config load:file:/usr/local/lib/node_modules/npm/npmrc
4 silly config load:file:/Users/mohammad/Projects/alfaruq-new-gm/.npmrc
5 silly config load:file:/Users/mohammad/.npmrc
6 silly config load:file:/usr/local/etc/npmrc
7 verbose title npm run build
8 verbose argv "run" "build"
9 verbose logfile logs-max:10 dir:/Users/mohammad/Projects/alfaruq-new-gm/.npm-cache/_logs/2026-02-01T05_36_21_204Z-
10 verbose logfile /Users/mohammad/Projects/alfaruq-new-gm/.npm-cache/_logs/2026-02-01T05_36_21_204Z-debug-0.log
11 silly logfile start cleaning logs, removing 2 files
12 silly logfile done cleaning log files
13 http fetch GET 200 https://registry.npmjs.org/npm 207ms
14 verbose cwd /Users/mohammad/Projects/alfaruq-new-gm
15 verbose os Darwin 25.2.0
16 verbose node v22.17.1
17 verbose npm  v10.9.2
18 notice
18 notice New major version of npm available! 10.9.2 -> 11.8.0
18 notice Changelog: https://github.com/npm/cli/releases/tag/v11.8.0
18 notice To update run: npm install -g npm@11.8.0
18 notice  { force: true, [Symbol(proc-log.meta)]: true }
19 verbose exit 0
20 info ok
